-------------------------------------------------------------------------------
Test set: com.example.todo.selenium.welcome.HelloIT
-------------------------------------------------------------------------------
Tests run: 1, Failures: 0, Errors: 1, Skipped: 0, Time elapsed: 54.688 sec <<< FAILURE! - in com.example.todo.selenium.welcome.HelloIT
testHelloWorld(com.example.todo.selenium.welcome.HelloIT)  Time elapsed: 0.002 sec  <<< ERROR!
org.springframework.beans.factory.BeanCreationException: 
Error creating bean with name 'com.example.todo.selenium.welcome.HelloIT': Injection of autowired dependencies failed; nested exception is org.springframework.beans.factory.BeanCreationException: Could not autowire field: org.openqa.selenium.WebDriver com.example.todo.selenium.welcome.HelloIT.webDriver; nested exception is org.springframework.beans.factory.BeanCreationException: Error creating bean with name 'webDriver' defined in class path resource [META-INF/spring/seleniumContext.xml]: Instantiation of bean failed; nested exception is org.springframework.beans.BeanInstantiationException: Failed to instantiate [org.openqa.selenium.firefox.FirefoxDriver]: Constructor threw exception; nested exception is org.openqa.selenium.WebDriverException: Failed to connect to binary FirefoxBinary(C:\Program Files\Mozilla Firefox\firefox.exe) on port 7055; process output follows: 
a, ensiklopedia bebas","creator":null,"developers":null,"translators":null,"contributors":null,"locales":["ms"]},{"name":"ﾐ柘孟ｺﾑ孟ｿﾑ災ｴﾑ錦? (be-tarask)","description":"ﾐ柘孟ｺﾑ孟ｿﾑ災ｴﾑ錦?, ﾐｲﾐｾﾐｻﾑ糊ｽﾐｰﾑ? ﾑ災ｽﾑ?ﾑ巾ｺﾐｻﾑ紹ｿﾑ災ｴﾑ錦?","creator":null,"developers":null,"translators":null,"contributors":null,"locales":["be-tarask"]},{"name":"Wikipedia (sv)","description":"Wikipedia, den fria encyklopedin","creator":null,"developers":null,"translators":null,"contributors":null,"locales":["sv-SE"]},{"name":"犲ｧ犲ｴ犲≒ｺｴ犲樅ｺｵ狃?犲扉ｺ? (lo)","description":"犲ｧ犲ｴ犲≒ｺｴ犲樅ｺｵ狃?犲扉ｺ?, 犲ｪ犲ｲ犲･犲ｲ犲吭ｺｸ犲≒ｺｻ犲｡狃?犲ｪ犲･犲ｵ","creator":null,"developers":null,"translators":null,"contributors":null,"locales":["lo"]},{"name":"Wikipedija (sl)","description":"Wikipedija, prosta enciklopedija","creator":null,"developers":null,"translators":null,"contributors":null,"locales":["sl"]},{"name":"Biquipedia (an)","description":"A enciclopedia Libre","creator":null,"developers":null,"translators":null,"contributors":null,"locales":["an"]},{"name":"Vikipﾄ電ija","description":"Vikipﾄ電ija, brﾄｫvﾄ? enciklopﾄ電ija","creator":null,"developers":null,"translators":null,"contributors":null,"locales":["lv"]}],"targetApplications":[{"id":"toolkit@mozilla.org","minVersion":null,"maxVersion":null}],"targetPlatforms":[],"seen":true,"dependencies":[],"incognito":"spanning","userPermissions":{"permissions":[],"origins":[]},"optionalPermissions":{"permissions":[],"origins":[]},"icons":{"16":"favicon.ico"},"iconURL":null,"blocklistState":0,"blocklistURL":null,"startupData":null,"hidden":true,"installTelemetryInfo":null,"recommendationState":null,"rootURI":"resource://search-extensions/wikipedia/","location":"app-builtin"}
1587402595230	addons.xpi	DEBUG	Loading bootstrap scope from resource://search-extensions/wikipedia/
1587402595230	addons.xpi	DEBUG	Calling bootstrap method install on wikipedia@search.mozilla.org version 1.0
1587402595230	addons.xpi	DEBUG	Calling bootstrap method startup on wikipedia@search.mozilla.org version 1.0
1587402596616	addons.xpi	DEBUG	Calling bootstrap method shutdown on wikipedia@search.mozilla.org version 1.0
1587402596620	addons.xpi	DEBUG	Calling bootstrap method shutdown on webcompat@mozilla.org version 9.0.0
1587402596623	addons.xpi	DEBUG	Calling bootstrap method shutdown on twitter@search.mozilla.org version 1.0
1587402596624	addons.xpi	DEBUG	Calling bootstrap method shutdown on screenshots@mozilla.org version 39.0.0
1587402596627	addons.xpi	DEBUG	Calling bootstrap method shutdown on google@search.mozilla.org version 1.0
1587402596628	addons.xpi	DEBUG	Calling bootstrap method shutdown on formautofill@mozilla.org version 1.0
1587402596630	addons.xpi	DEBUG	Calling bootstrap method shutdown on ebay@search.mozilla.org version 1.0
1587402596633	addons.xpi	DEBUG	Calling bootstrap method shutdown on doh-rollout@mozilla.org version 1.3.0
1587402596639	addons.xpi	DEBUG	Calling bootstrap method shutdown on default-theme@mozilla.org version 1.0
1587402596641	addons.xpi	DEBUG	Calling bootstrap method shutdown on ddg@search.mozilla.org version 1.0
1587402596642	addons.xpi	DEBUG	Calling bootstrap method shutdown on bing@search.mozilla.org version 1.1
1587402596642	addons.xpi	DEBUG	Calling bootstrap method shutdown on amazondotcom@search.mozilla.org version 1.1
JavaScript error: resource://services-settings/RemoteSettingsClient.jsm, line 110: Error: Unknown callback
1587402597409	addons.manager	DEBUG	before shutdown
1587402597411	addons.manager	DEBUG	shutdown
1587402597413	addons.manager	DEBUG	Calling shutdown blocker for XPIProvider
1587402597413	addons.xpi	DEBUG	shutdown
1587402597413	addons.xpi-utils	DEBUG	shutdown
1587402597413	addons.manager	DEBUG	Calling shutdown blocker for GMPProvider
1587402597413	addons.manager	DEBUG	Calling shutdown blocker for PluginProvider
1587402597430	addons.manager	DEBUG	Async provider shutdown done

###!!! [Child][RunMessage] Error: Channel closing: too late to send/recv, messages will be lost


###!!! [Child][MessageChannel::SendAndWait] Error: Channel error: cannot send/recv


Build info: version: '2.46.0', revision: '61506a4624b13675f24581e453592342b7485d71', time: '2015-06-04 10:22:50'
System info: host: 'DESKTOP-RCB252I', ip: '192.168.43.9', os.name: 'Windows 10', os.arch: 'amd64', os.version: '10.0', java.version: '1.8.0_181'
Driver info: driver.version: FirefoxDriver
Caused by: org.springframework.beans.factory.BeanCreationException: 
Could not autowire field: org.openqa.selenium.WebDriver com.example.todo.selenium.welcome.HelloIT.webDriver; nested exception is org.springframework.beans.factory.BeanCreationException: Error creating bean with name 'webDriver' defined in class path resource [META-INF/spring/seleniumContext.xml]: Instantiation of bean failed; nested exception is org.springframework.beans.BeanInstantiationException: Failed to instantiate [org.openqa.selenium.firefox.FirefoxDriver]: Constructor threw exception; nested exception is org.openqa.selenium.WebDriverException: Failed to connect to binary FirefoxBinary(C:\Program Files\Mozilla Firefox\firefox.exe) on port 7055; process output follows: 
a, ensiklopedia bebas","creator":null,"developers":null,"translators":null,"contributors":null,"locales":["ms"]},{"name":"ﾐ柘孟ｺﾑ孟ｿﾑ災ｴﾑ錦? (be-tarask)","description":"ﾐ柘孟ｺﾑ孟ｿﾑ災ｴﾑ錦?, ﾐｲﾐｾﾐｻﾑ糊ｽﾐｰﾑ? ﾑ災ｽﾑ?ﾑ巾ｺﾐｻﾑ紹ｿﾑ災ｴﾑ錦?","creator":null,"developers":null,"translators":null,"contributors":null,"locales":["be-tarask"]},{"name":"Wikipedia (sv)","description":"Wikipedia, den fria encyklopedin","creator":null,"developers":null,"translators":null,"contributors":null,"locales":["sv-SE"]},{"name":"犲ｧ犲ｴ犲≒ｺｴ犲樅ｺｵ狃?犲扉ｺ? (lo)","description":"犲ｧ犲ｴ犲≒ｺｴ犲樅ｺｵ狃?犲扉ｺ?, 犲ｪ犲ｲ犲･犲ｲ犲吭ｺｸ犲≒ｺｻ犲｡狃?犲ｪ犲･犲ｵ","creator":null,"developers":null,"translators":null,"contributors":null,"locales":["lo"]},{"name":"Wikipedija (sl)","description":"Wikipedija, prosta enciklopedija","creator":null,"developers":null,"translators":null,"contributors":null,"locales":["sl"]},{"name":"Biquipedia (an)","description":"A enciclopedia Libre","creator":null,"developers":null,"translators":null,"contributors":null,"locales":["an"]},{"name":"Vikipﾄ電ija","description":"Vikipﾄ電ija, brﾄｫvﾄ? enciklopﾄ電ija","creator":null,"developers":null,"translators":null,"contributors":null,"locales":["lv"]}],"targetApplications":[{"id":"toolkit@mozilla.org","minVersion":null,"maxVersion":null}],"targetPlatforms":[],"seen":true,"dependencies":[],"incognito":"spanning","userPermissions":{"permissions":[],"origins":[]},"optionalPermissions":{"permissions":[],"origins":[]},"icons":{"16":"favicon.ico"},"iconURL":null,"blocklistState":0,"blocklistURL":null,"startupData":null,"hidden":true,"installTelemetryInfo":null,"recommendationState":null,"rootURI":"resource://search-extensions/wikipedia/","location":"app-builtin"}
1587402595230	addons.xpi	DEBUG	Loading bootstrap scope from resource://search-extensions/wikipedia/
1587402595230	addons.xpi	DEBUG	Calling bootstrap method install on wikipedia@search.mozilla.org version 1.0
1587402595230	addons.xpi	DEBUG	Calling bootstrap method startup on wikipedia@search.mozilla.org version 1.0
1587402596616	addons.xpi	DEBUG	Calling bootstrap method shutdown on wikipedia@search.mozilla.org version 1.0
1587402596620	addons.xpi	DEBUG	Calling bootstrap method shutdown on webcompat@mozilla.org version 9.0.0
1587402596623	addons.xpi	DEBUG	Calling bootstrap method shutdown on twitter@search.mozilla.org version 1.0
1587402596624	addons.xpi	DEBUG	Calling bootstrap method shutdown on screenshots@mozilla.org version 39.0.0
1587402596627	addons.xpi	DEBUG	Calling bootstrap method shutdown on google@search.mozilla.org version 1.0
1587402596628	addons.xpi	DEBUG	Calling bootstrap method shutdown on formautofill@mozilla.org version 1.0
1587402596630	addons.xpi	DEBUG	Calling bootstrap method shutdown on ebay@search.mozilla.org version 1.0
1587402596633	addons.xpi	DEBUG	Calling bootstrap method shutdown on doh-rollout@mozilla.org version 1.3.0
1587402596639	addons.xpi	DEBUG	Calling bootstrap method shutdown on default-theme@mozilla.org version 1.0
1587402596641	addons.xpi	DEBUG	Calling bootstrap method shutdown on ddg@search.mozilla.org version 1.0
1587402596642	addons.xpi	DEBUG	Calling bootstrap method shutdown on bing@search.mozilla.org version 1.1
1587402596642	addons.xpi	DEBUG	Calling bootstrap method shutdown on amazondotcom@search.mozilla.org version 1.1
JavaScript error: resource://services-settings/RemoteSettingsClient.jsm, line 110: Error: Unknown callback
1587402597409	addons.manager	DEBUG	before shutdown
1587402597411	addons.manager	DEBUG	shutdown
1587402597413	addons.manager	DEBUG	Calling shutdown blocker for XPIProvider
1587402597413	addons.xpi	DEBUG	shutdown
1587402597413	addons.xpi-utils	DEBUG	shutdown
1587402597413	addons.manager	DEBUG	Calling shutdown blocker for GMPProvider
1587402597413	addons.manager	DEBUG	Calling shutdown blocker for PluginProvider
1587402597430	addons.manager	DEBUG	Async provider shutdown done

###!!! [Child][RunMessage] Error: Channel closing: too late to send/recv, messages will be lost


###!!! [Child][MessageChannel::SendAndWait] Error: Channel error: cannot send/recv


Build info: version: '2.46.0', revision: '61506a4624b13675f24581e453592342b7485d71', time: '2015-06-04 10:22:50'
System info: host: 'DESKTOP-RCB252I', ip: '192.168.43.9', os.name: 'Windows 10', os.arch: 'amd64', os.version: '10.0', java.version: '1.8.0_181'
Driver info: driver.version: FirefoxDriver
Caused by: org.springframework.beans.factory.BeanCreationException: 
Error creating bean with name 'webDriver' defined in class path resource [META-INF/spring/seleniumContext.xml]: Instantiation of bean failed; nested exception is org.springframework.beans.BeanInstantiationException: Failed to instantiate [org.openqa.selenium.firefox.FirefoxDriver]: Constructor threw exception; nested exception is org.openqa.selenium.WebDriverException: Failed to connect to binary FirefoxBinary(C:\Program Files\Mozilla Firefox\firefox.exe) on port 7055; process output follows: 
a, ensiklopedia bebas","creator":null,"developers":null,"translators":null,"contributors":null,"locales":["ms"]},{"name":"ﾐ柘孟ｺﾑ孟ｿﾑ災ｴﾑ錦? (be-tarask)","description":"ﾐ柘孟ｺﾑ孟ｿﾑ災ｴﾑ錦?, ﾐｲﾐｾﾐｻﾑ糊ｽﾐｰﾑ? ﾑ災ｽﾑ?ﾑ巾ｺﾐｻﾑ紹ｿﾑ災ｴﾑ錦?","creator":null,"developers":null,"translators":null,"contributors":null,"locales":["be-tarask"]},{"name":"Wikipedia (sv)","description":"Wikipedia, den fria encyklopedin","creator":null,"developers":null,"translators":null,"contributors":null,"locales":["sv-SE"]},{"name":"犲ｧ犲ｴ犲≒ｺｴ犲樅ｺｵ狃?犲扉ｺ? (lo)","description":"犲ｧ犲ｴ犲≒ｺｴ犲樅ｺｵ狃?犲扉ｺ?, 犲ｪ犲ｲ犲･犲ｲ犲吭ｺｸ犲≒ｺｻ犲｡狃?犲ｪ犲･犲ｵ","creator":null,"developers":null,"translators":null,"contributors":null,"locales":["lo"]},{"name":"Wikipedija (sl)","description":"Wikipedija, prosta enciklopedija","creator":null,"developers":null,"translators":null,"contributors":null,"locales":["sl"]},{"name":"Biquipedia (an)","description":"A enciclopedia Libre","creator":null,"developers":null,"translators":null,"contributors":null,"locales":["an"]},{"name":"Vikipﾄ電ija","description":"Vikipﾄ電ija, brﾄｫvﾄ? enciklopﾄ電ija","creator":null,"developers":null,"translators":null,"contributors":null,"locales":["lv"]}],"targetApplications":[{"id":"toolkit@mozilla.org","minVersion":null,"maxVersion":null}],"targetPlatforms":[],"seen":true,"dependencies":[],"incognito":"spanning","userPermissions":{"permissions":[],"origins":[]},"optionalPermissions":{"permissions":[],"origins":[]},"icons":{"16":"favicon.ico"},"iconURL":null,"blocklistState":0,"blocklistURL":null,"startupData":null,"hidden":true,"installTelemetryInfo":null,"recommendationState":null,"rootURI":"resource://search-extensions/wikipedia/","location":"app-builtin"}
1587402595230	addons.xpi	DEBUG	Loading bootstrap scope from resource://search-extensions/wikipedia/
1587402595230	addons.xpi	DEBUG	Calling bootstrap method install on wikipedia@search.mozilla.org version 1.0
1587402595230	addons.xpi	DEBUG	Calling bootstrap method startup on wikipedia@search.mozilla.org version 1.0
1587402596616	addons.xpi	DEBUG	Calling bootstrap method shutdown on wikipedia@search.mozilla.org version 1.0
1587402596620	addons.xpi	DEBUG	Calling bootstrap method shutdown on webcompat@mozilla.org version 9.0.0
1587402596623	addons.xpi	DEBUG	Calling bootstrap method shutdown on twitter@search.mozilla.org version 1.0
1587402596624	addons.xpi	DEBUG	Calling bootstrap method shutdown on screenshots@mozilla.org version 39.0.0
1587402596627	addons.xpi	DEBUG	Calling bootstrap method shutdown on google@search.mozilla.org version 1.0
1587402596628	addons.xpi	DEBUG	Calling bootstrap method shutdown on formautofill@mozilla.org version 1.0
1587402596630	addons.xpi	DEBUG	Calling bootstrap method shutdown on ebay@search.mozilla.org version 1.0
1587402596633	addons.xpi	DEBUG	Calling bootstrap method shutdown on doh-rollout@mozilla.org version 1.3.0
1587402596639	addons.xpi	DEBUG	Calling bootstrap method shutdown on default-theme@mozilla.org version 1.0
1587402596641	addons.xpi	DEBUG	Calling bootstrap method shutdown on ddg@search.mozilla.org version 1.0
1587402596642	addons.xpi	DEBUG	Calling bootstrap method shutdown on bing@search.mozilla.org version 1.1
1587402596642	addons.xpi	DEBUG	Calling bootstrap method shutdown on amazondotcom@search.mozilla.org version 1.1
JavaScript error: resource://services-settings/RemoteSettingsClient.jsm, line 110: Error: Unknown callback
1587402597409	addons.manager	DEBUG	before shutdown
1587402597411	addons.manager	DEBUG	shutdown
1587402597413	addons.manager	DEBUG	Calling shutdown blocker for XPIProvider
1587402597413	addons.xpi	DEBUG	shutdown
1587402597413	addons.xpi-utils	DEBUG	shutdown
1587402597413	addons.manager	DEBUG	Calling shutdown blocker for GMPProvider
1587402597413	addons.manager	DEBUG	Calling shutdown blocker for PluginProvider
1587402597430	addons.manager	DEBUG	Async provider shutdown done

###!!! [Child][RunMessage] Error: Channel closing: too late to send/recv, messages will be lost


###!!! [Child][MessageChannel::SendAndWait] Error: Channel error: cannot send/recv


Build info: version: '2.46.0', revision: '61506a4624b13675f24581e453592342b7485d71', time: '2015-06-04 10:22:50'
System info: host: 'DESKTOP-RCB252I', ip: '192.168.43.9', os.name: 'Windows 10', os.arch: 'amd64', os.version: '10.0', java.version: '1.8.0_181'
Driver info: driver.version: FirefoxDriver
Caused by: org.springframework.beans.BeanInstantiationException: 
Failed to instantiate [org.openqa.selenium.firefox.FirefoxDriver]: Constructor threw exception; nested exception is org.openqa.selenium.WebDriverException: Failed to connect to binary FirefoxBinary(C:\Program Files\Mozilla Firefox\firefox.exe) on port 7055; process output follows: 
a, ensiklopedia bebas","creator":null,"developers":null,"translators":null,"contributors":null,"locales":["ms"]},{"name":"ﾐ柘孟ｺﾑ孟ｿﾑ災ｴﾑ錦? (be-tarask)","description":"ﾐ柘孟ｺﾑ孟ｿﾑ災ｴﾑ錦?, ﾐｲﾐｾﾐｻﾑ糊ｽﾐｰﾑ? ﾑ災ｽﾑ?ﾑ巾ｺﾐｻﾑ紹ｿﾑ災ｴﾑ錦?","creator":null,"developers":null,"translators":null,"contributors":null,"locales":["be-tarask"]},{"name":"Wikipedia (sv)","description":"Wikipedia, den fria encyklopedin","creator":null,"developers":null,"translators":null,"contributors":null,"locales":["sv-SE"]},{"name":"犲ｧ犲ｴ犲≒ｺｴ犲樅ｺｵ狃?犲扉ｺ? (lo)","description":"犲ｧ犲ｴ犲≒ｺｴ犲樅ｺｵ狃?犲扉ｺ?, 犲ｪ犲ｲ犲･犲ｲ犲吭ｺｸ犲≒ｺｻ犲｡狃?犲ｪ犲･犲ｵ","creator":null,"developers":null,"translators":null,"contributors":null,"locales":["lo"]},{"name":"Wikipedija (sl)","description":"Wikipedija, prosta enciklopedija","creator":null,"developers":null,"translators":null,"contributors":null,"locales":["sl"]},{"name":"Biquipedia (an)","description":"A enciclopedia Libre","creator":null,"developers":null,"translators":null,"contributors":null,"locales":["an"]},{"name":"Vikipﾄ電ija","description":"Vikipﾄ電ija, brﾄｫvﾄ? enciklopﾄ電ija","creator":null,"developers":null,"translators":null,"contributors":null,"locales":["lv"]}],"targetApplications":[{"id":"toolkit@mozilla.org","minVersion":null,"maxVersion":null}],"targetPlatforms":[],"seen":true,"dependencies":[],"incognito":"spanning","userPermissions":{"permissions":[],"origins":[]},"optionalPermissions":{"permissions":[],"origins":[]},"icons":{"16":"favicon.ico"},"iconURL":null,"blocklistState":0,"blocklistURL":null,"startupData":null,"hidden":true,"installTelemetryInfo":null,"recommendationState":null,"rootURI":"resource://search-extensions/wikipedia/","location":"app-builtin"}
1587402595230	addons.xpi	DEBUG	Loading bootstrap scope from resource://search-extensions/wikipedia/
1587402595230	addons.xpi	DEBUG	Calling bootstrap method install on wikipedia@search.mozilla.org version 1.0
1587402595230	addons.xpi	DEBUG	Calling bootstrap method startup on wikipedia@search.mozilla.org version 1.0
1587402596616	addons.xpi	DEBUG	Calling bootstrap method shutdown on wikipedia@search.mozilla.org version 1.0
1587402596620	addons.xpi	DEBUG	Calling bootstrap method shutdown on webcompat@mozilla.org version 9.0.0
1587402596623	addons.xpi	DEBUG	Calling bootstrap method shutdown on twitter@search.mozilla.org version 1.0
1587402596624	addons.xpi	DEBUG	Calling bootstrap method shutdown on screenshots@mozilla.org version 39.0.0
1587402596627	addons.xpi	DEBUG	Calling bootstrap method shutdown on google@search.mozilla.org version 1.0
1587402596628	addons.xpi	DEBUG	Calling bootstrap method shutdown on formautofill@mozilla.org version 1.0
1587402596630	addons.xpi	DEBUG	Calling bootstrap method shutdown on ebay@search.mozilla.org version 1.0
1587402596633	addons.xpi	DEBUG	Calling bootstrap method shutdown on doh-rollout@mozilla.org version 1.3.0
1587402596639	addons.xpi	DEBUG	Calling bootstrap method shutdown on default-theme@mozilla.org version 1.0
1587402596641	addons.xpi	DEBUG	Calling bootstrap method shutdown on ddg@search.mozilla.org version 1.0
1587402596642	addons.xpi	DEBUG	Calling bootstrap method shutdown on bing@search.mozilla.org version 1.1
1587402596642	addons.xpi	DEBUG	Calling bootstrap method shutdown on amazondotcom@search.mozilla.org version 1.1
JavaScript error: resource://services-settings/RemoteSettingsClient.jsm, line 110: Error: Unknown callback
1587402597409	addons.manager	DEBUG	before shutdown
1587402597411	addons.manager	DEBUG	shutdown
1587402597413	addons.manager	DEBUG	Calling shutdown blocker for XPIProvider
1587402597413	addons.xpi	DEBUG	shutdown
1587402597413	addons.xpi-utils	DEBUG	shutdown
1587402597413	addons.manager	DEBUG	Calling shutdown blocker for GMPProvider
1587402597413	addons.manager	DEBUG	Calling shutdown blocker for PluginProvider
1587402597430	addons.manager	DEBUG	Async provider shutdown done

###!!! [Child][RunMessage] Error: Channel closing: too late to send/recv, messages will be lost


###!!! [Child][MessageChannel::SendAndWait] Error: Channel error: cannot send/recv


Build info: version: '2.46.0', revision: '61506a4624b13675f24581e453592342b7485d71', time: '2015-06-04 10:22:50'
System info: host: 'DESKTOP-RCB252I', ip: '192.168.43.9', os.name: 'Windows 10', os.arch: 'amd64', os.version: '10.0', java.version: '1.8.0_181'
Driver info: driver.version: FirefoxDriver
Caused by: org.openqa.selenium.WebDriverException: 
Failed to connect to binary FirefoxBinary(C:\Program Files\Mozilla Firefox\firefox.exe) on port 7055; process output follows: 
a, ensiklopedia bebas","creator":null,"developers":null,"translators":null,"contributors":null,"locales":["ms"]},{"name":"ﾐ柘孟ｺﾑ孟ｿﾑ災ｴﾑ錦? (be-tarask)","description":"ﾐ柘孟ｺﾑ孟ｿﾑ災ｴﾑ錦?, ﾐｲﾐｾﾐｻﾑ糊ｽﾐｰﾑ? ﾑ災ｽﾑ?ﾑ巾ｺﾐｻﾑ紹ｿﾑ災ｴﾑ錦?","creator":null,"developers":null,"translators":null,"contributors":null,"locales":["be-tarask"]},{"name":"Wikipedia (sv)","description":"Wikipedia, den fria encyklopedin","creator":null,"developers":null,"translators":null,"contributors":null,"locales":["sv-SE"]},{"name":"犲ｧ犲ｴ犲≒ｺｴ犲樅ｺｵ狃?犲扉ｺ? (lo)","description":"犲ｧ犲ｴ犲≒ｺｴ犲樅ｺｵ狃?犲扉ｺ?, 犲ｪ犲ｲ犲･犲ｲ犲吭ｺｸ犲≒ｺｻ犲｡狃?犲ｪ犲･犲ｵ","creator":null,"developers":null,"translators":null,"contributors":null,"locales":["lo"]},{"name":"Wikipedija (sl)","description":"Wikipedija, prosta enciklopedija","creator":null,"developers":null,"translators":null,"contributors":null,"locales":["sl"]},{"name":"Biquipedia (an)","description":"A enciclopedia Libre","creator":null,"developers":null,"translators":null,"contributors":null,"locales":["an"]},{"name":"Vikipﾄ電ija","description":"Vikipﾄ電ija, brﾄｫvﾄ? enciklopﾄ電ija","creator":null,"developers":null,"translators":null,"contributors":null,"locales":["lv"]}],"targetApplications":[{"id":"toolkit@mozilla.org","minVersion":null,"maxVersion":null}],"targetPlatforms":[],"seen":true,"dependencies":[],"incognito":"spanning","userPermissions":{"permissions":[],"origins":[]},"optionalPermissions":{"permissions":[],"origins":[]},"icons":{"16":"favicon.ico"},"iconURL":null,"blocklistState":0,"blocklistURL":null,"startupData":null,"hidden":true,"installTelemetryInfo":null,"recommendationState":null,"rootURI":"resource://search-extensions/wikipedia/","location":"app-builtin"}
1587402595230	addons.xpi	DEBUG	Loading bootstrap scope from resource://search-extensions/wikipedia/
1587402595230	addons.xpi	DEBUG	Calling bootstrap method install on wikipedia@search.mozilla.org version 1.0
1587402595230	addons.xpi	DEBUG	Calling bootstrap method startup on wikipedia@search.mozilla.org version 1.0
1587402596616	addons.xpi	DEBUG	Calling bootstrap method shutdown on wikipedia@search.mozilla.org version 1.0
1587402596620	addons.xpi	DEBUG	Calling bootstrap method shutdown on webcompat@mozilla.org version 9.0.0
1587402596623	addons.xpi	DEBUG	Calling bootstrap method shutdown on twitter@search.mozilla.org version 1.0
1587402596624	addons.xpi	DEBUG	Calling bootstrap method shutdown on screenshots@mozilla.org version 39.0.0
1587402596627	addons.xpi	DEBUG	Calling bootstrap method shutdown on google@search.mozilla.org version 1.0
1587402596628	addons.xpi	DEBUG	Calling bootstrap method shutdown on formautofill@mozilla.org version 1.0
1587402596630	addons.xpi	DEBUG	Calling bootstrap method shutdown on ebay@search.mozilla.org version 1.0
1587402596633	addons.xpi	DEBUG	Calling bootstrap method shutdown on doh-rollout@mozilla.org version 1.3.0
1587402596639	addons.xpi	DEBUG	Calling bootstrap method shutdown on default-theme@mozilla.org version 1.0
1587402596641	addons.xpi	DEBUG	Calling bootstrap method shutdown on ddg@search.mozilla.org version 1.0
1587402596642	addons.xpi	DEBUG	Calling bootstrap method shutdown on bing@search.mozilla.org version 1.1
1587402596642	addons.xpi	DEBUG	Calling bootstrap method shutdown on amazondotcom@search.mozilla.org version 1.1
JavaScript error: resource://services-settings/RemoteSettingsClient.jsm, line 110: Error: Unknown callback
1587402597409	addons.manager	DEBUG	before shutdown
1587402597411	addons.manager	DEBUG	shutdown
1587402597413	addons.manager	DEBUG	Calling shutdown blocker for XPIProvider
1587402597413	addons.xpi	DEBUG	shutdown
1587402597413	addons.xpi-utils	DEBUG	shutdown
1587402597413	addons.manager	DEBUG	Calling shutdown blocker for GMPProvider
1587402597413	addons.manager	DEBUG	Calling shutdown blocker for PluginProvider
1587402597430	addons.manager	DEBUG	Async provider shutdown done

###!!! [Child][RunMessage] Error: Channel closing: too late to send/recv, messages will be lost


###!!! [Child][MessageChannel::SendAndWait] Error: Channel error: cannot send/recv


Build info: version: '2.46.0', revision: '61506a4624b13675f24581e453592342b7485d71', time: '2015-06-04 10:22:50'
System info: host: 'DESKTOP-RCB252I', ip: '192.168.43.9', os.name: 'Windows 10', os.arch: 'amd64', os.version: '10.0', java.version: '1.8.0_181'
Driver info: driver.version: FirefoxDriver
Caused by: org.openqa.selenium.firefox.NotConnectedException: 
Unable to connect to host 127.0.0.1 on port 7055 after 45000 ms. Firefox console output:
a, ensiklopedia bebas","creator":null,"developers":null,"translators":null,"contributors":null,"locales":["ms"]},{"name":"ﾐ柘孟ｺﾑ孟ｿﾑ災ｴﾑ錦? (be-tarask)","description":"ﾐ柘孟ｺﾑ孟ｿﾑ災ｴﾑ錦?, ﾐｲﾐｾﾐｻﾑ糊ｽﾐｰﾑ? ﾑ災ｽﾑ?ﾑ巾ｺﾐｻﾑ紹ｿﾑ災ｴﾑ錦?","creator":null,"developers":null,"translators":null,"contributors":null,"locales":["be-tarask"]},{"name":"Wikipedia (sv)","description":"Wikipedia, den fria encyklopedin","creator":null,"developers":null,"translators":null,"contributors":null,"locales":["sv-SE"]},{"name":"犲ｧ犲ｴ犲≒ｺｴ犲樅ｺｵ狃?犲扉ｺ? (lo)","description":"犲ｧ犲ｴ犲≒ｺｴ犲樅ｺｵ狃?犲扉ｺ?, 犲ｪ犲ｲ犲･犲ｲ犲吭ｺｸ犲≒ｺｻ犲｡狃?犲ｪ犲･犲ｵ","creator":null,"developers":null,"translators":null,"contributors":null,"locales":["lo"]},{"name":"Wikipedija (sl)","description":"Wikipedija, prosta enciklopedija","creator":null,"developers":null,"translators":null,"contributors":null,"locales":["sl"]},{"name":"Biquipedia (an)","description":"A enciclopedia Libre","creator":null,"developers":null,"translators":null,"contributors":null,"locales":["an"]},{"name":"Vikipﾄ電ija","description":"Vikipﾄ電ija, brﾄｫvﾄ? enciklopﾄ電ija","creator":null,"developers":null,"translators":null,"contributors":null,"locales":["lv"]}],"targetApplications":[{"id":"toolkit@mozilla.org","minVersion":null,"maxVersion":null}],"targetPlatforms":[],"seen":true,"dependencies":[],"incognito":"spanning","userPermissions":{"permissions":[],"origins":[]},"optionalPermissions":{"permissions":[],"origins":[]},"icons":{"16":"favicon.ico"},"iconURL":null,"blocklistState":0,"blocklistURL":null,"startupData":null,"hidden":true,"installTelemetryInfo":null,"recommendationState":null,"rootURI":"resource://search-extensions/wikipedia/","location":"app-builtin"}
1587402595230	addons.xpi	DEBUG	Loading bootstrap scope from resource://search-extensions/wikipedia/
1587402595230	addons.xpi	DEBUG	Calling bootstrap method install on wikipedia@search.mozilla.org version 1.0
1587402595230	addons.xpi	DEBUG	Calling bootstrap method startup on wikipedia@search.mozilla.org version 1.0
1587402596616	addons.xpi	DEBUG	Calling bootstrap method shutdown on wikipedia@search.mozilla.org version 1.0
1587402596620	addons.xpi	DEBUG	Calling bootstrap method shutdown on webcompat@mozilla.org version 9.0.0
1587402596623	addons.xpi	DEBUG	Calling bootstrap method shutdown on twitter@search.mozilla.org version 1.0
1587402596624	addons.xpi	DEBUG	Calling bootstrap method shutdown on screenshots@mozilla.org version 39.0.0
1587402596627	addons.xpi	DEBUG	Calling bootstrap method shutdown on google@search.mozilla.org version 1.0
1587402596628	addons.xpi	DEBUG	Calling bootstrap method shutdown on formautofill@mozilla.org version 1.0
1587402596630	addons.xpi	DEBUG	Calling bootstrap method shutdown on ebay@search.mozilla.org version 1.0
1587402596633	addons.xpi	DEBUG	Calling bootstrap method shutdown on doh-rollout@mozilla.org version 1.3.0
1587402596639	addons.xpi	DEBUG	Calling bootstrap method shutdown on default-theme@mozilla.org version 1.0
1587402596641	addons.xpi	DEBUG	Calling bootstrap method shutdown on ddg@search.mozilla.org version 1.0
1587402596642	addons.xpi	DEBUG	Calling bootstrap method shutdown on bing@search.mozilla.org version 1.1
1587402596642	addons.xpi	DEBUG	Calling bootstrap method shutdown on amazondotcom@search.mozilla.org version 1.1
JavaScript error: resource://services-settings/RemoteSettingsClient.jsm, line 110: Error: Unknown callback
1587402597409	addons.manager	DEBUG	before shutdown
1587402597411	addons.manager	DEBUG	shutdown
1587402597413	addons.manager	DEBUG	Calling shutdown blocker for XPIProvider
1587402597413	addons.xpi	DEBUG	shutdown
1587402597413	addons.xpi-utils	DEBUG	shutdown
1587402597413	addons.manager	DEBUG	Calling shutdown blocker for GMPProvider
1587402597413	addons.manager	DEBUG	Calling shutdown blocker for PluginProvider
1587402597430	addons.manager	DEBUG	Async provider shutdown done

###!!! [Child][RunMessage] Error: Channel closing: too late to send/recv, messages will be lost


###!!! [Child][MessageChannel::SendAndWait] Error: Channel error: cannot send/recv



