<?xml version="1.0" encoding="UTF-8"?>
<testsuite xmlns:xsi="http://www.w3.org/2001/XMLSchema-instance" xsi:schemaLocation="https://maven.apache.org/surefire/maven-surefire-plugin/xsd/surefire-test-report.xsd" name="com.example.todo.selenium.welcome.HelloIT" time="54.688" tests="1" errors="1" skipped="0" failures="0">
  <properties>
[...]
</properties>
  <testcase name="testHelloWorld" classname="com.example.todo.selenium.welcome.HelloIT" time="0.002">
    <error message="Error creating bean with name &apos;com.example.todo.selenium.welcome.HelloIT&apos;: Injection of autowired dependencies failed; nested exception is org.springframework.beans.factory.BeanCreationException: Could not autowire field: org.openqa.selenium.WebDriver com.example.todo.selenium.welcome.HelloIT.webDriver; nested exception is org.springframework.beans.factory.BeanCreationException: Error creating bean with name &apos;webDriver&apos; defined in class path resource [META-INF/spring/seleniumContext.xml]: Instantiation of bean failed; nested exception is org.springframework.beans.BeanInstantiationException: Failed to instantiate [org.openqa.selenium.firefox.FirefoxDriver]: Constructor threw exception; nested exception is org.openqa.selenium.WebDriverException: Failed to connect to binary FirefoxBinary(C:\Program Files\Mozilla Firefox\firefox.exe) on port 7055; process output follows: &#10;a, ensiklopedia bebas&quot;,&quot;creator&quot;:null,&quot;developers&quot;:null,&quot;translators&quot;:null,&quot;contributors&quot;:null,&quot;locales&quot;:[&quot;ms&quot;]},{&quot;name&quot;:&quot;ﾐ柘孟ｺﾑ孟ｿﾑ災ｴﾑ錦� (be-tarask)&quot;,&quot;description&quot;:&quot;ﾐ柘孟ｺﾑ孟ｿﾑ災ｴﾑ錦�, ﾐｲﾐｾﾐｻﾑ糊ｽﾐｰﾑ� ﾑ災ｽﾑ�ﾑ巾ｺﾐｻﾑ紹ｿﾑ災ｴﾑ錦�&quot;,&quot;creator&quot;:null,&quot;developers&quot;:null,&quot;translators&quot;:null,&quot;contributors&quot;:null,&quot;locales&quot;:[&quot;be-tarask&quot;]},{&quot;name&quot;:&quot;Wikipedia (sv)&quot;,&quot;description&quot;:&quot;Wikipedia, den fria encyklopedin&quot;,&quot;creator&quot;:null,&quot;developers&quot;:null,&quot;translators&quot;:null,&quot;contributors&quot;:null,&quot;locales&quot;:[&quot;sv-SE&quot;]},{&quot;name&quot;:&quot;犲ｧ犲ｴ犲≒ｺｴ犲樅ｺｵ狃�犲扉ｺ� (lo)&quot;,&quot;description&quot;:&quot;犲ｧ犲ｴ犲≒ｺｴ犲樅ｺｵ狃�犲扉ｺ�, 犲ｪ犲ｲ犲･犲ｲ犲吭ｺｸ犲≒ｺｻ犲｡狃�犲ｪ犲･犲ｵ&quot;,&quot;creator&quot;:null,&quot;developers&quot;:null,&quot;translators&quot;:null,&quot;contributors&quot;:null,&quot;locales&quot;:[&quot;lo&quot;]},{&quot;name&quot;:&quot;Wikipedija (sl)&quot;,&quot;description&quot;:&quot;Wikipedija, prosta enciklopedija&quot;,&quot;creator&quot;:null,&quot;developers&quot;:null,&quot;translators&quot;:null,&quot;contributors&quot;:null,&quot;locales&quot;:[&quot;sl&quot;]},{&quot;name&quot;:&quot;Biquipedia (an)&quot;,&quot;description&quot;:&quot;A enciclopedia Libre&quot;,&quot;creator&quot;:null,&quot;developers&quot;:null,&quot;translators&quot;:null,&quot;contributors&quot;:null,&quot;locales&quot;:[&quot;an&quot;]},{&quot;name&quot;:&quot;Vikipﾄ電ija&quot;,&quot;description&quot;:&quot;Vikipﾄ電ija, brﾄｫvﾄ� enciklopﾄ電ija&quot;,&quot;creator&quot;:null,&quot;developers&quot;:null,&quot;translators&quot;:null,&quot;contributors&quot;:null,&quot;locales&quot;:[&quot;lv&quot;]}],&quot;targetApplications&quot;:[{&quot;id&quot;:&quot;toolkit@mozilla.org&quot;,&quot;minVersion&quot;:null,&quot;maxVersion&quot;:null}],&quot;targetPlatforms&quot;:[],&quot;seen&quot;:true,&quot;dependencies&quot;:[],&quot;incognito&quot;:&quot;spanning&quot;,&quot;userPermissions&quot;:{&quot;permissions&quot;:[],&quot;origins&quot;:[]},&quot;optionalPermissions&quot;:{&quot;permissions&quot;:[],&quot;origins&quot;:[]},&quot;icons&quot;:{&quot;16&quot;:&quot;favicon.ico&quot;},&quot;iconURL&quot;:null,&quot;blocklistState&quot;:0,&quot;blocklistURL&quot;:null,&quot;startupData&quot;:null,&quot;hidden&quot;:true,&quot;installTelemetryInfo&quot;:null,&quot;recommendationState&quot;:null,&quot;rootURI&quot;:&quot;resource://search-extensions/wikipedia/&quot;,&quot;location&quot;:&quot;app-builtin&quot;}&#10;1587402595230	addons.xpi	DEBUG	Loading bootstrap scope from resource://search-extensions/wikipedia/&#10;1587402595230	addons.xpi	DEBUG	Calling bootstrap method install on wikipedia@search.mozilla.org version 1.0&#10;1587402595230	addons.xpi	DEBUG	Calling bootstrap method startup on wikipedia@search.mozilla.org version 1.0&#10;1587402596616	addons.xpi	DEBUG	Calling bootstrap method shutdown on wikipedia@search.mozilla.org version 1.0&#10;1587402596620	addons.xpi	DEBUG	Calling bootstrap method shutdown on webcompat@mozilla.org version 9.0.0&#10;1587402596623	addons.xpi	DEBUG	Calling bootstrap method shutdown on twitter@search.mozilla.org version 1.0&#10;1587402596624	addons.xpi	DEBUG	Calling bootstrap method shutdown on screenshots@mozilla.org version 39.0.0&#10;1587402596627	addons.xpi	DEBUG	Calling bootstrap method shutdown on google@search.mozilla.org version 1.0&#10;1587402596628	addons.xpi	DEBUG	Calling bootstrap method shutdown on formautofill@mozilla.org version 1.0&#10;1587402596630	addons.xpi	DEBUG	Calling bootstrap method shutdown on ebay@search.mozilla.org version 1.0&#10;1587402596633	addons.xpi	DEBUG	Calling bootstrap method shutdown on doh-rollout@mozilla.org version 1.3.0&#10;1587402596639	addons.xpi	DEBUG	Calling bootstrap method shutdown on default-theme@mozilla.org version 1.0&#10;1587402596641	addons.xpi	DEBUG	Calling bootstrap method shutdown on ddg@search.mozilla.org version 1.0&#10;1587402596642	addons.xpi	DEBUG	Calling bootstrap method shutdown on bing@search.mozilla.org version 1.1&#10;1587402596642	addons.xpi	DEBUG	Calling bootstrap method shutdown on amazondotcom@search.mozilla.org version 1.1&#10;JavaScript error: resource://services-settings/RemoteSettingsClient.jsm, line 110: Error: Unknown callback&#10;1587402597409	addons.manager	DEBUG	before shutdown&#10;1587402597411	addons.manager	DEBUG	shutdown&#10;1587402597413	addons.manager	DEBUG	Calling shutdown blocker for XPIProvider&#10;1587402597413	addons.xpi	DEBUG	shutdown&#10;1587402597413	addons.xpi-utils	DEBUG	shutdown&#10;1587402597413	addons.manager	DEBUG	Calling shutdown blocker for GMPProvider&#10;1587402597413	addons.manager	DEBUG	Calling shutdown blocker for PluginProvider&#10;1587402597430	addons.manager	DEBUG	Async provider shutdown done&#10;&#10;###!!! [Child][RunMessage] Error: Channel closing: too late to send/recv, messages will be lost&#10;&#10;&#10;###!!! [Child][MessageChannel::SendAndWait] Error: Channel error: cannot send/recv&#10;&#10;&#10;Build info: version: &apos;2.46.0&apos;, revision: &apos;61506a4624b13675f24581e453592342b7485d71&apos;, time: &apos;2015-06-04 10:22:50&apos;&#10;System info: host: &apos;DESKTOP-RCB252I&apos;, ip: &apos;192.168.43.9&apos;, os.name: &apos;Windows 10&apos;, os.arch: &apos;amd64&apos;, os.version: &apos;10.0&apos;, java.version: &apos;1.8.0_181&apos;&#10;Driver info: driver.version: FirefoxDriver" type="org.springframework.beans.factory.BeanCreationException">org.springframework.beans.factory.BeanCreationException: 
Error creating bean with name 'com.example.todo.selenium.welcome.HelloIT': Injection of autowired dependencies failed; nested exception is org.springframework.beans.factory.BeanCreationException: Could not autowire field: org.openqa.selenium.WebDriver com.example.todo.selenium.welcome.HelloIT.webDriver; nested exception is org.springframework.beans.factory.BeanCreationException: Error creating bean with name 'webDriver' defined in class path resource [META-INF/spring/seleniumContext.xml]: Instantiation of bean failed; nested exception is org.springframework.beans.BeanInstantiationException: Failed to instantiate [org.openqa.selenium.firefox.FirefoxDriver]: Constructor threw exception; nested exception is org.openqa.selenium.WebDriverException: Failed to connect to binary FirefoxBinary(C:\Program Files\Mozilla Firefox\firefox.exe) on port 7055; process output follows: 
a, ensiklopedia bebas","creator":null,"developers":null,"translators":null,"contributors":null,"locales":["ms"]},{"name":"ﾐ柘孟ｺﾑ孟ｿﾑ災ｴﾑ錦� (be-tarask)","description":"ﾐ柘孟ｺﾑ孟ｿﾑ災ｴﾑ錦�, ﾐｲﾐｾﾐｻﾑ糊ｽﾐｰﾑ� ﾑ災ｽﾑ�ﾑ巾ｺﾐｻﾑ紹ｿﾑ災ｴﾑ錦�","creator":null,"developers":null,"translators":null,"contributors":null,"locales":["be-tarask"]},{"name":"Wikipedia (sv)","description":"Wikipedia, den fria encyklopedin","creator":null,"developers":null,"translators":null,"contributors":null,"locales":["sv-SE"]},{"name":"犲ｧ犲ｴ犲≒ｺｴ犲樅ｺｵ狃�犲扉ｺ� (lo)","description":"犲ｧ犲ｴ犲≒ｺｴ犲樅ｺｵ狃�犲扉ｺ�, 犲ｪ犲ｲ犲･犲ｲ犲吭ｺｸ犲≒ｺｻ犲｡狃�犲ｪ犲･犲ｵ","creator":null,"developers":null,"translators":null,"contributors":null,"locales":["lo"]},{"name":"Wikipedija (sl)","description":"Wikipedija, prosta enciklopedija","creator":null,"developers":null,"translators":null,"contributors":null,"locales":["sl"]},{"name":"Biquipedia (an)","description":"A enciclopedia Libre","creator":null,"developers":null,"translators":null,"contributors":null,"locales":["an"]},{"name":"Vikipﾄ電ija","description":"Vikipﾄ電ija, brﾄｫvﾄ� enciklopﾄ電ija","creator":null,"developers":null,"translators":null,"contributors":null,"locales":["lv"]}],"targetApplications":[{"id":"toolkit@mozilla.org","minVersion":null,"maxVersion":null}],"targetPlatforms":[],"seen":true,"dependencies":[],"incognito":"spanning","userPermissions":{"permissions":[],"origins":[]},"optionalPermissions":{"permissions":[],"origins":[]},"icons":{"16":"favicon.ico"},"iconURL":null,"blocklistState":0,"blocklistURL":null,"startupData":null,"hidden":true,"installTelemetryInfo":null,"recommendationState":null,"rootURI":"resource://search-extensions/wikipedia/","location":"app-builtin"}
1587402595230	addons.xpi	DEBUG	Loading bootstrap scope from resource://search-extensions/wikipedia/
1587402595230	addons.xpi	DEBUG	Calling bootstrap method install on wikipedia@search.mozilla.org version 1.0
1587402595230	addons.xpi	DEBUG	Calling bootstrap method startup on wikipedia@search.mozilla.org version 1.0
1587402596616	addons.xpi	DEBUG	Calling bootstrap method shutdown on wikipedia@search.mozilla.org version 1.0
1587402596620	addons.xpi	DEBUG	Calling bootstrap method shutdown on webcompat@mozilla.org version 9.0.0
1587402596623	addons.xpi	DEBUG	Calling bootstrap method shutdown on twitter@search.mozilla.org version 1.0
1587402596624	addons.xpi	DEBUG	Calling bootstrap method shutdown on screenshots@mozilla.org version 39.0.0
1587402596627	addons.xpi	DEBUG	Calling bootstrap method shutdown on google@search.mozilla.org version 1.0
1587402596628	addons.xpi	DEBUG	Calling bootstrap method shutdown on formautofill@mozilla.org version 1.0
1587402596630	addons.xpi	DEBUG	Calling bootstrap method shutdown on ebay@search.mozilla.org version 1.0
1587402596633	addons.xpi	DEBUG	Calling bootstrap method shutdown on doh-rollout@mozilla.org version 1.3.0
1587402596639	addons.xpi	DEBUG	Calling bootstrap method shutdown on default-theme@mozilla.org version 1.0
1587402596641	addons.xpi	DEBUG	Calling bootstrap method shutdown on ddg@search.mozilla.org version 1.0
1587402596642	addons.xpi	DEBUG	Calling bootstrap method shutdown on bing@search.mozilla.org version 1.1
1587402596642	addons.xpi	DEBUG	Calling bootstrap method shutdown on amazondotcom@search.mozilla.org version 1.1
JavaScript error: resource://services-settings/RemoteSettingsClient.jsm, line 110: Error: Unknown callback
1587402597409	addons.manager	DEBUG	before shutdown
1587402597411	addons.manager	DEBUG	shutdown
1587402597413	addons.manager	DEBUG	Calling shutdown blocker for XPIProvider
1587402597413	addons.xpi	DEBUG	shutdown
1587402597413	addons.xpi-utils	DEBUG	shutdown
1587402597413	addons.manager	DEBUG	Calling shutdown blocker for GMPProvider
1587402597413	addons.manager	DEBUG	Calling shutdown blocker for PluginProvider
1587402597430	addons.manager	DEBUG	Async provider shutdown done

###!!! [Child][RunMessage] Error: Channel closing: too late to send/recv, messages will be lost


###!!! [Child][MessageChannel::SendAndWait] Error: Channel error: cannot send/recv


Build info: version: '2.46.0', revision: '61506a4624b13675f24581e453592342b7485d71', time: '2015-06-04 10:22:50'
System info: host: 'DESKTOP-RCB252I', ip: '192.168.43.9', os.name: 'Windows 10', os.arch: 'amd64', os.version: '10.0', java.version: '1.8.0_181'
Driver info: driver.version: FirefoxDriver
Caused by: org.springframework.beans.factory.BeanCreationException: 
Could not autowire field: org.openqa.selenium.WebDriver com.example.todo.selenium.welcome.HelloIT.webDriver; nested exception is org.springframework.beans.factory.BeanCreationException: Error creating bean with name 'webDriver' defined in class path resource [META-INF/spring/seleniumContext.xml]: Instantiation of bean failed; nested exception is org.springframework.beans.BeanInstantiationException: Failed to instantiate [org.openqa.selenium.firefox.FirefoxDriver]: Constructor threw exception; nested exception is org.openqa.selenium.WebDriverException: Failed to connect to binary FirefoxBinary(C:\Program Files\Mozilla Firefox\firefox.exe) on port 7055; process output follows: 
a, ensiklopedia bebas","creator":null,"developers":null,"translators":null,"contributors":null,"locales":["ms"]},{"name":"ﾐ柘孟ｺﾑ孟ｿﾑ災ｴﾑ錦� (be-tarask)","description":"ﾐ柘孟ｺﾑ孟ｿﾑ災ｴﾑ錦�, ﾐｲﾐｾﾐｻﾑ糊ｽﾐｰﾑ� ﾑ災ｽﾑ�ﾑ巾ｺﾐｻﾑ紹ｿﾑ災ｴﾑ錦�","creator":null,"developers":null,"translators":null,"contributors":null,"locales":["be-tarask"]},{"name":"Wikipedia (sv)","description":"Wikipedia, den fria encyklopedin","creator":null,"developers":null,"translators":null,"contributors":null,"locales":["sv-SE"]},{"name":"犲ｧ犲ｴ犲≒ｺｴ犲樅ｺｵ狃�犲扉ｺ� (lo)","description":"犲ｧ犲ｴ犲≒ｺｴ犲樅ｺｵ狃�犲扉ｺ�, 犲ｪ犲ｲ犲･犲ｲ犲吭ｺｸ犲≒ｺｻ犲｡狃�犲ｪ犲･犲ｵ","creator":null,"developers":null,"translators":null,"contributors":null,"locales":["lo"]},{"name":"Wikipedija (sl)","description":"Wikipedija, prosta enciklopedija","creator":null,"developers":null,"translators":null,"contributors":null,"locales":["sl"]},{"name":"Biquipedia (an)","description":"A enciclopedia Libre","creator":null,"developers":null,"translators":null,"contributors":null,"locales":["an"]},{"name":"Vikipﾄ電ija","description":"Vikipﾄ電ija, brﾄｫvﾄ� enciklopﾄ電ija","creator":null,"developers":null,"translators":null,"contributors":null,"locales":["lv"]}],"targetApplications":[{"id":"toolkit@mozilla.org","minVersion":null,"maxVersion":null}],"targetPlatforms":[],"seen":true,"dependencies":[],"incognito":"spanning","userPermissions":{"permissions":[],"origins":[]},"optionalPermissions":{"permissions":[],"origins":[]},"icons":{"16":"favicon.ico"},"iconURL":null,"blocklistState":0,"blocklistURL":null,"startupData":null,"hidden":true,"installTelemetryInfo":null,"recommendationState":null,"rootURI":"resource://search-extensions/wikipedia/","location":"app-builtin"}
1587402595230	addons.xpi	DEBUG	Loading bootstrap scope from resource://search-extensions/wikipedia/
1587402595230	addons.xpi	DEBUG	Calling bootstrap method install on wikipedia@search.mozilla.org version 1.0
1587402595230	addons.xpi	DEBUG	Calling bootstrap method startup on wikipedia@search.mozilla.org version 1.0
1587402596616	addons.xpi	DEBUG	Calling bootstrap method shutdown on wikipedia@search.mozilla.org version 1.0
1587402596620	addons.xpi	DEBUG	Calling bootstrap method shutdown on webcompat@mozilla.org version 9.0.0
1587402596623	addons.xpi	DEBUG	Calling bootstrap method shutdown on twitter@search.mozilla.org version 1.0
1587402596624	addons.xpi	DEBUG	Calling bootstrap method shutdown on screenshots@mozilla.org version 39.0.0
1587402596627	addons.xpi	DEBUG	Calling bootstrap method shutdown on google@search.mozilla.org version 1.0
1587402596628	addons.xpi	DEBUG	Calling bootstrap method shutdown on formautofill@mozilla.org version 1.0
1587402596630	addons.xpi	DEBUG	Calling bootstrap method shutdown on ebay@search.mozilla.org version 1.0
1587402596633	addons.xpi	DEBUG	Calling bootstrap method shutdown on doh-rollout@mozilla.org version 1.3.0
1587402596639	addons.xpi	DEBUG	Calling bootstrap method shutdown on default-theme@mozilla.org version 1.0
1587402596641	addons.xpi	DEBUG	Calling bootstrap method shutdown on ddg@search.mozilla.org version 1.0
1587402596642	addons.xpi	DEBUG	Calling bootstrap method shutdown on bing@search.mozilla.org version 1.1
1587402596642	addons.xpi	DEBUG	Calling bootstrap method shutdown on amazondotcom@search.mozilla.org version 1.1
JavaScript error: resource://services-settings/RemoteSettingsClient.jsm, line 110: Error: Unknown callback
1587402597409	addons.manager	DEBUG	before shutdown
1587402597411	addons.manager	DEBUG	shutdown
1587402597413	addons.manager	DEBUG	Calling shutdown blocker for XPIProvider
1587402597413	addons.xpi	DEBUG	shutdown
1587402597413	addons.xpi-utils	DEBUG	shutdown
1587402597413	addons.manager	DEBUG	Calling shutdown blocker for GMPProvider
1587402597413	addons.manager	DEBUG	Calling shutdown blocker for PluginProvider
1587402597430	addons.manager	DEBUG	Async provider shutdown done

###!!! [Child][RunMessage] Error: Channel closing: too late to send/recv, messages will be lost


###!!! [Child][MessageChannel::SendAndWait] Error: Channel error: cannot send/recv


Build info: version: '2.46.0', revision: '61506a4624b13675f24581e453592342b7485d71', time: '2015-06-04 10:22:50'
System info: host: 'DESKTOP-RCB252I', ip: '192.168.43.9', os.name: 'Windows 10', os.arch: 'amd64', os.version: '10.0', java.version: '1.8.0_181'
Driver info: driver.version: FirefoxDriver
Caused by: org.springframework.beans.factory.BeanCreationException: 
Error creating bean with name 'webDriver' defined in class path resource [META-INF/spring/seleniumContext.xml]: Instantiation of bean failed; nested exception is org.springframework.beans.BeanInstantiationException: Failed to instantiate [org.openqa.selenium.firefox.FirefoxDriver]: Constructor threw exception; nested exception is org.openqa.selenium.WebDriverException: Failed to connect to binary FirefoxBinary(C:\Program Files\Mozilla Firefox\firefox.exe) on port 7055; process output follows: 
a, ensiklopedia bebas","creator":null,"developers":null,"translators":null,"contributors":null,"locales":["ms"]},{"name":"ﾐ柘孟ｺﾑ孟ｿﾑ災ｴﾑ錦� (be-tarask)","description":"ﾐ柘孟ｺﾑ孟ｿﾑ災ｴﾑ錦�, ﾐｲﾐｾﾐｻﾑ糊ｽﾐｰﾑ� ﾑ災ｽﾑ�ﾑ巾ｺﾐｻﾑ紹ｿﾑ災ｴﾑ錦�","creator":null,"developers":null,"translators":null,"contributors":null,"locales":["be-tarask"]},{"name":"Wikipedia (sv)","description":"Wikipedia, den fria encyklopedin","creator":null,"developers":null,"translators":null,"contributors":null,"locales":["sv-SE"]},{"name":"犲ｧ犲ｴ犲≒ｺｴ犲樅ｺｵ狃�犲扉ｺ� (lo)","description":"犲ｧ犲ｴ犲≒ｺｴ犲樅ｺｵ狃�犲扉ｺ�, 犲ｪ犲ｲ犲･犲ｲ犲吭ｺｸ犲≒ｺｻ犲｡狃�犲ｪ犲･犲ｵ","creator":null,"developers":null,"translators":null,"contributors":null,"locales":["lo"]},{"name":"Wikipedija (sl)","description":"Wikipedija, prosta enciklopedija","creator":null,"developers":null,"translators":null,"contributors":null,"locales":["sl"]},{"name":"Biquipedia (an)","description":"A enciclopedia Libre","creator":null,"developers":null,"translators":null,"contributors":null,"locales":["an"]},{"name":"Vikipﾄ電ija","description":"Vikipﾄ電ija, brﾄｫvﾄ� enciklopﾄ電ija","creator":null,"developers":null,"translators":null,"contributors":null,"locales":["lv"]}],"targetApplications":[{"id":"toolkit@mozilla.org","minVersion":null,"maxVersion":null}],"targetPlatforms":[],"seen":true,"dependencies":[],"incognito":"spanning","userPermissions":{"permissions":[],"origins":[]},"optionalPermissions":{"permissions":[],"origins":[]},"icons":{"16":"favicon.ico"},"iconURL":null,"blocklistState":0,"blocklistURL":null,"startupData":null,"hidden":true,"installTelemetryInfo":null,"recommendationState":null,"rootURI":"resource://search-extensions/wikipedia/","location":"app-builtin"}
1587402595230	addons.xpi	DEBUG	Loading bootstrap scope from resource://search-extensions/wikipedia/
1587402595230	addons.xpi	DEBUG	Calling bootstrap method install on wikipedia@search.mozilla.org version 1.0
1587402595230	addons.xpi	DEBUG	Calling bootstrap method startup on wikipedia@search.mozilla.org version 1.0
1587402596616	addons.xpi	DEBUG	Calling bootstrap method shutdown on wikipedia@search.mozilla.org version 1.0
1587402596620	addons.xpi	DEBUG	Calling bootstrap method shutdown on webcompat@mozilla.org version 9.0.0
1587402596623	addons.xpi	DEBUG	Calling bootstrap method shutdown on twitter@search.mozilla.org version 1.0
1587402596624	addons.xpi	DEBUG	Calling bootstrap method shutdown on screenshots@mozilla.org version 39.0.0
1587402596627	addons.xpi	DEBUG	Calling bootstrap method shutdown on google@search.mozilla.org version 1.0
1587402596628	addons.xpi	DEBUG	Calling bootstrap method shutdown on formautofill@mozilla.org version 1.0
1587402596630	addons.xpi	DEBUG	Calling bootstrap method shutdown on ebay@search.mozilla.org version 1.0
1587402596633	addons.xpi	DEBUG	Calling bootstrap method shutdown on doh-rollout@mozilla.org version 1.3.0
1587402596639	addons.xpi	DEBUG	Calling bootstrap method shutdown on default-theme@mozilla.org version 1.0
1587402596641	addons.xpi	DEBUG	Calling bootstrap method shutdown on ddg@search.mozilla.org version 1.0
1587402596642	addons.xpi	DEBUG	Calling bootstrap method shutdown on bing@search.mozilla.org version 1.1
1587402596642	addons.xpi	DEBUG	Calling bootstrap method shutdown on amazondotcom@search.mozilla.org version 1.1
JavaScript error: resource://services-settings/RemoteSettingsClient.jsm, line 110: Error: Unknown callback
1587402597409	addons.manager	DEBUG	before shutdown
1587402597411	addons.manager	DEBUG	shutdown
1587402597413	addons.manager	DEBUG	Calling shutdown blocker for XPIProvider
1587402597413	addons.xpi	DEBUG	shutdown
1587402597413	addons.xpi-utils	DEBUG	shutdown
1587402597413	addons.manager	DEBUG	Calling shutdown blocker for GMPProvider
1587402597413	addons.manager	DEBUG	Calling shutdown blocker for PluginProvider
1587402597430	addons.manager	DEBUG	Async provider shutdown done

###!!! [Child][RunMessage] Error: Channel closing: too late to send/recv, messages will be lost


###!!! [Child][MessageChannel::SendAndWait] Error: Channel error: cannot send/recv


Build info: version: '2.46.0', revision: '61506a4624b13675f24581e453592342b7485d71', time: '2015-06-04 10:22:50'
System info: host: 'DESKTOP-RCB252I', ip: '192.168.43.9', os.name: 'Windows 10', os.arch: 'amd64', os.version: '10.0', java.version: '1.8.0_181'
Driver info: driver.version: FirefoxDriver
Caused by: org.springframework.beans.BeanInstantiationException: 
Failed to instantiate [org.openqa.selenium.firefox.FirefoxDriver]: Constructor threw exception; nested exception is org.openqa.selenium.WebDriverException: Failed to connect to binary FirefoxBinary(C:\Program Files\Mozilla Firefox\firefox.exe) on port 7055; process output follows: 
a, ensiklopedia bebas","creator":null,"developers":null,"translators":null,"contributors":null,"locales":["ms"]},{"name":"ﾐ柘孟ｺﾑ孟ｿﾑ災ｴﾑ錦� (be-tarask)","description":"ﾐ柘孟ｺﾑ孟ｿﾑ災ｴﾑ錦�, ﾐｲﾐｾﾐｻﾑ糊ｽﾐｰﾑ� ﾑ災ｽﾑ�ﾑ巾ｺﾐｻﾑ紹ｿﾑ災ｴﾑ錦�","creator":null,"developers":null,"translators":null,"contributors":null,"locales":["be-tarask"]},{"name":"Wikipedia (sv)","description":"Wikipedia, den fria encyklopedin","creator":null,"developers":null,"translators":null,"contributors":null,"locales":["sv-SE"]},{"name":"犲ｧ犲ｴ犲≒ｺｴ犲樅ｺｵ狃�犲扉ｺ� (lo)","description":"犲ｧ犲ｴ犲≒ｺｴ犲樅ｺｵ狃�犲扉ｺ�, 犲ｪ犲ｲ犲･犲ｲ犲吭ｺｸ犲≒ｺｻ犲｡狃�犲ｪ犲･犲ｵ","creator":null,"developers":null,"translators":null,"contributors":null,"locales":["lo"]},{"name":"Wikipedija (sl)","description":"Wikipedija, prosta enciklopedija","creator":null,"developers":null,"translators":null,"contributors":null,"locales":["sl"]},{"name":"Biquipedia (an)","description":"A enciclopedia Libre","creator":null,"developers":null,"translators":null,"contributors":null,"locales":["an"]},{"name":"Vikipﾄ電ija","description":"Vikipﾄ電ija, brﾄｫvﾄ� enciklopﾄ電ija","creator":null,"developers":null,"translators":null,"contributors":null,"locales":["lv"]}],"targetApplications":[{"id":"toolkit@mozilla.org","minVersion":null,"maxVersion":null}],"targetPlatforms":[],"seen":true,"dependencies":[],"incognito":"spanning","userPermissions":{"permissions":[],"origins":[]},"optionalPermissions":{"permissions":[],"origins":[]},"icons":{"16":"favicon.ico"},"iconURL":null,"blocklistState":0,"blocklistURL":null,"startupData":null,"hidden":true,"installTelemetryInfo":null,"recommendationState":null,"rootURI":"resource://search-extensions/wikipedia/","location":"app-builtin"}
1587402595230	addons.xpi	DEBUG	Loading bootstrap scope from resource://search-extensions/wikipedia/
1587402595230	addons.xpi	DEBUG	Calling bootstrap method install on wikipedia@search.mozilla.org version 1.0
1587402595230	addons.xpi	DEBUG	Calling bootstrap method startup on wikipedia@search.mozilla.org version 1.0
1587402596616	addons.xpi	DEBUG	Calling bootstrap method shutdown on wikipedia@search.mozilla.org version 1.0
1587402596620	addons.xpi	DEBUG	Calling bootstrap method shutdown on webcompat@mozilla.org version 9.0.0
1587402596623	addons.xpi	DEBUG	Calling bootstrap method shutdown on twitter@search.mozilla.org version 1.0
1587402596624	addons.xpi	DEBUG	Calling bootstrap method shutdown on screenshots@mozilla.org version 39.0.0
1587402596627	addons.xpi	DEBUG	Calling bootstrap method shutdown on google@search.mozilla.org version 1.0
1587402596628	addons.xpi	DEBUG	Calling bootstrap method shutdown on formautofill@mozilla.org version 1.0
1587402596630	addons.xpi	DEBUG	Calling bootstrap method shutdown on ebay@search.mozilla.org version 1.0
1587402596633	addons.xpi	DEBUG	Calling bootstrap method shutdown on doh-rollout@mozilla.org version 1.3.0
1587402596639	addons.xpi	DEBUG	Calling bootstrap method shutdown on default-theme@mozilla.org version 1.0
1587402596641	addons.xpi	DEBUG	Calling bootstrap method shutdown on ddg@search.mozilla.org version 1.0
1587402596642	addons.xpi	DEBUG	Calling bootstrap method shutdown on bing@search.mozilla.org version 1.1
1587402596642	addons.xpi	DEBUG	Calling bootstrap method shutdown on amazondotcom@search.mozilla.org version 1.1
JavaScript error: resource://services-settings/RemoteSettingsClient.jsm, line 110: Error: Unknown callback
1587402597409	addons.manager	DEBUG	before shutdown
1587402597411	addons.manager	DEBUG	shutdown
1587402597413	addons.manager	DEBUG	Calling shutdown blocker for XPIProvider
1587402597413	addons.xpi	DEBUG	shutdown
1587402597413	addons.xpi-utils	DEBUG	shutdown
1587402597413	addons.manager	DEBUG	Calling shutdown blocker for GMPProvider
1587402597413	addons.manager	DEBUG	Calling shutdown blocker for PluginProvider
1587402597430	addons.manager	DEBUG	Async provider shutdown done

###!!! [Child][RunMessage] Error: Channel closing: too late to send/recv, messages will be lost


###!!! [Child][MessageChannel::SendAndWait] Error: Channel error: cannot send/recv


Build info: version: '2.46.0', revision: '61506a4624b13675f24581e453592342b7485d71', time: '2015-06-04 10:22:50'
System info: host: 'DESKTOP-RCB252I', ip: '192.168.43.9', os.name: 'Windows 10', os.arch: 'amd64', os.version: '10.0', java.version: '1.8.0_181'
Driver info: driver.version: FirefoxDriver
Caused by: org.openqa.selenium.WebDriverException: 
Failed to connect to binary FirefoxBinary(C:\Program Files\Mozilla Firefox\firefox.exe) on port 7055; process output follows: 
a, ensiklopedia bebas","creator":null,"developers":null,"translators":null,"contributors":null,"locales":["ms"]},{"name":"ﾐ柘孟ｺﾑ孟ｿﾑ災ｴﾑ錦� (be-tarask)","description":"ﾐ柘孟ｺﾑ孟ｿﾑ災ｴﾑ錦�, ﾐｲﾐｾﾐｻﾑ糊ｽﾐｰﾑ� ﾑ災ｽﾑ�ﾑ巾ｺﾐｻﾑ紹ｿﾑ災ｴﾑ錦�","creator":null,"developers":null,"translators":null,"contributors":null,"locales":["be-tarask"]},{"name":"Wikipedia (sv)","description":"Wikipedia, den fria encyklopedin","creator":null,"developers":null,"translators":null,"contributors":null,"locales":["sv-SE"]},{"name":"犲ｧ犲ｴ犲≒ｺｴ犲樅ｺｵ狃�犲扉ｺ� (lo)","description":"犲ｧ犲ｴ犲≒ｺｴ犲樅ｺｵ狃�犲扉ｺ�, 犲ｪ犲ｲ犲･犲ｲ犲吭ｺｸ犲≒ｺｻ犲｡狃�犲ｪ犲･犲ｵ","creator":null,"developers":null,"translators":null,"contributors":null,"locales":["lo"]},{"name":"Wikipedija (sl)","description":"Wikipedija, prosta enciklopedija","creator":null,"developers":null,"translators":null,"contributors":null,"locales":["sl"]},{"name":"Biquipedia (an)","description":"A enciclopedia Libre","creator":null,"developers":null,"translators":null,"contributors":null,"locales":["an"]},{"name":"Vikipﾄ電ija","description":"Vikipﾄ電ija, brﾄｫvﾄ� enciklopﾄ電ija","creator":null,"developers":null,"translators":null,"contributors":null,"locales":["lv"]}],"targetApplications":[{"id":"toolkit@mozilla.org","minVersion":null,"maxVersion":null}],"targetPlatforms":[],"seen":true,"dependencies":[],"incognito":"spanning","userPermissions":{"permissions":[],"origins":[]},"optionalPermissions":{"permissions":[],"origins":[]},"icons":{"16":"favicon.ico"},"iconURL":null,"blocklistState":0,"blocklistURL":null,"startupData":null,"hidden":true,"installTelemetryInfo":null,"recommendationState":null,"rootURI":"resource://search-extensions/wikipedia/","location":"app-builtin"}
1587402595230	addons.xpi	DEBUG	Loading bootstrap scope from resource://search-extensions/wikipedia/
1587402595230	addons.xpi	DEBUG	Calling bootstrap method install on wikipedia@search.mozilla.org version 1.0
1587402595230	addons.xpi	DEBUG	Calling bootstrap method startup on wikipedia@search.mozilla.org version 1.0
1587402596616	addons.xpi	DEBUG	Calling bootstrap method shutdown on wikipedia@search.mozilla.org version 1.0
1587402596620	addons.xpi	DEBUG	Calling bootstrap method shutdown on webcompat@mozilla.org version 9.0.0
1587402596623	addons.xpi	DEBUG	Calling bootstrap method shutdown on twitter@search.mozilla.org version 1.0
1587402596624	addons.xpi	DEBUG	Calling bootstrap method shutdown on screenshots@mozilla.org version 39.0.0
1587402596627	addons.xpi	DEBUG	Calling bootstrap method shutdown on google@search.mozilla.org version 1.0
1587402596628	addons.xpi	DEBUG	Calling bootstrap method shutdown on formautofill@mozilla.org version 1.0
1587402596630	addons.xpi	DEBUG	Calling bootstrap method shutdown on ebay@search.mozilla.org version 1.0
1587402596633	addons.xpi	DEBUG	Calling bootstrap method shutdown on doh-rollout@mozilla.org version 1.3.0
1587402596639	addons.xpi	DEBUG	Calling bootstrap method shutdown on default-theme@mozilla.org version 1.0
1587402596641	addons.xpi	DEBUG	Calling bootstrap method shutdown on ddg@search.mozilla.org version 1.0
1587402596642	addons.xpi	DEBUG	Calling bootstrap method shutdown on bing@search.mozilla.org version 1.1
1587402596642	addons.xpi	DEBUG	Calling bootstrap method shutdown on amazondotcom@search.mozilla.org version 1.1
JavaScript error: resource://services-settings/RemoteSettingsClient.jsm, line 110: Error: Unknown callback
1587402597409	addons.manager	DEBUG	before shutdown
1587402597411	addons.manager	DEBUG	shutdown
1587402597413	addons.manager	DEBUG	Calling shutdown blocker for XPIProvider
1587402597413	addons.xpi	DEBUG	shutdown
1587402597413	addons.xpi-utils	DEBUG	shutdown
1587402597413	addons.manager	DEBUG	Calling shutdown blocker for GMPProvider
1587402597413	addons.manager	DEBUG	Calling shutdown blocker for PluginProvider
1587402597430	addons.manager	DEBUG	Async provider shutdown done

###!!! [Child][RunMessage] Error: Channel closing: too late to send/recv, messages will be lost


###!!! [Child][MessageChannel::SendAndWait] Error: Channel error: cannot send/recv


Build info: version: '2.46.0', revision: '61506a4624b13675f24581e453592342b7485d71', time: '2015-06-04 10:22:50'
System info: host: 'DESKTOP-RCB252I', ip: '192.168.43.9', os.name: 'Windows 10', os.arch: 'amd64', os.version: '10.0', java.version: '1.8.0_181'
Driver info: driver.version: FirefoxDriver
Caused by: org.openqa.selenium.firefox.NotConnectedException: 
Unable to connect to host 127.0.0.1 on port 7055 after 45000 ms. Firefox console output:
a, ensiklopedia bebas","creator":null,"developers":null,"translators":null,"contributors":null,"locales":["ms"]},{"name":"ﾐ柘孟ｺﾑ孟ｿﾑ災ｴﾑ錦� (be-tarask)","description":"ﾐ柘孟ｺﾑ孟ｿﾑ災ｴﾑ錦�, ﾐｲﾐｾﾐｻﾑ糊ｽﾐｰﾑ� ﾑ災ｽﾑ�ﾑ巾ｺﾐｻﾑ紹ｿﾑ災ｴﾑ錦�","creator":null,"developers":null,"translators":null,"contributors":null,"locales":["be-tarask"]},{"name":"Wikipedia (sv)","description":"Wikipedia, den fria encyklopedin","creator":null,"developers":null,"translators":null,"contributors":null,"locales":["sv-SE"]},{"name":"犲ｧ犲ｴ犲≒ｺｴ犲樅ｺｵ狃�犲扉ｺ� (lo)","description":"犲ｧ犲ｴ犲≒ｺｴ犲樅ｺｵ狃�犲扉ｺ�, 犲ｪ犲ｲ犲･犲ｲ犲吭ｺｸ犲≒ｺｻ犲｡狃�犲ｪ犲･犲ｵ","creator":null,"developers":null,"translators":null,"contributors":null,"locales":["lo"]},{"name":"Wikipedija (sl)","description":"Wikipedija, prosta enciklopedija","creator":null,"developers":null,"translators":null,"contributors":null,"locales":["sl"]},{"name":"Biquipedia (an)","description":"A enciclopedia Libre","creator":null,"developers":null,"translators":null,"contributors":null,"locales":["an"]},{"name":"Vikipﾄ電ija","description":"Vikipﾄ電ija, brﾄｫvﾄ� enciklopﾄ電ija","creator":null,"developers":null,"translators":null,"contributors":null,"locales":["lv"]}],"targetApplications":[{"id":"toolkit@mozilla.org","minVersion":null,"maxVersion":null}],"targetPlatforms":[],"seen":true,"dependencies":[],"incognito":"spanning","userPermissions":{"permissions":[],"origins":[]},"optionalPermissions":{"permissions":[],"origins":[]},"icons":{"16":"favicon.ico"},"iconURL":null,"blocklistState":0,"blocklistURL":null,"startupData":null,"hidden":true,"installTelemetryInfo":null,"recommendationState":null,"rootURI":"resource://search-extensions/wikipedia/","location":"app-builtin"}
1587402595230	addons.xpi	DEBUG	Loading bootstrap scope from resource://search-extensions/wikipedia/
1587402595230	addons.xpi	DEBUG	Calling bootstrap method install on wikipedia@search.mozilla.org version 1.0
1587402595230	addons.xpi	DEBUG	Calling bootstrap method startup on wikipedia@search.mozilla.org version 1.0
1587402596616	addons.xpi	DEBUG	Calling bootstrap method shutdown on wikipedia@search.mozilla.org version 1.0
1587402596620	addons.xpi	DEBUG	Calling bootstrap method shutdown on webcompat@mozilla.org version 9.0.0
1587402596623	addons.xpi	DEBUG	Calling bootstrap method shutdown on twitter@search.mozilla.org version 1.0
1587402596624	addons.xpi	DEBUG	Calling bootstrap method shutdown on screenshots@mozilla.org version 39.0.0
1587402596627	addons.xpi	DEBUG	Calling bootstrap method shutdown on google@search.mozilla.org version 1.0
1587402596628	addons.xpi	DEBUG	Calling bootstrap method shutdown on formautofill@mozilla.org version 1.0
1587402596630	addons.xpi	DEBUG	Calling bootstrap method shutdown on ebay@search.mozilla.org version 1.0
1587402596633	addons.xpi	DEBUG	Calling bootstrap method shutdown on doh-rollout@mozilla.org version 1.3.0
1587402596639	addons.xpi	DEBUG	Calling bootstrap method shutdown on default-theme@mozilla.org version 1.0
1587402596641	addons.xpi	DEBUG	Calling bootstrap method shutdown on ddg@search.mozilla.org version 1.0
1587402596642	addons.xpi	DEBUG	Calling bootstrap method shutdown on bing@search.mozilla.org version 1.1
1587402596642	addons.xpi	DEBUG	Calling bootstrap method shutdown on amazondotcom@search.mozilla.org version 1.1
JavaScript error: resource://services-settings/RemoteSettingsClient.jsm, line 110: Error: Unknown callback
1587402597409	addons.manager	DEBUG	before shutdown
1587402597411	addons.manager	DEBUG	shutdown
1587402597413	addons.manager	DEBUG	Calling shutdown blocker for XPIProvider
1587402597413	addons.xpi	DEBUG	shutdown
1587402597413	addons.xpi-utils	DEBUG	shutdown
1587402597413	addons.manager	DEBUG	Calling shutdown blocker for GMPProvider
1587402597413	addons.manager	DEBUG	Calling shutdown blocker for PluginProvider
1587402597430	addons.manager	DEBUG	Async provider shutdown done

###!!! [Child][RunMessage] Error: Channel closing: too late to send/recv, messages will be lost


###!!! [Child][MessageChannel::SendAndWait] Error: Channel error: cannot send/recv


</error>
    <system-out><![CDATA[23:39:45.962 [main] DEBUG org.springframework.test.context.junit4.SpringJUnit4ClassRunner - SpringJUnit4ClassRunner constructor called with [class com.example.todo.selenium.welcome.HelloIT]
23:39:45.969 [main] DEBUG org.springframework.test.context.BootstrapUtils - Instantiating CacheAwareContextLoaderDelegate from class [org.springframework.test.context.cache.DefaultCacheAwareContextLoaderDelegate]
23:39:45.976 [main] DEBUG org.springframework.test.context.BootstrapUtils - Instantiating BootstrapContext using constructor [public org.springframework.test.context.support.DefaultBootstrapContext(java.lang.Class,org.springframework.test.context.CacheAwareContextLoaderDelegate)]
23:39:45.991 [main] DEBUG org.springframework.test.context.BootstrapUtils - Instantiating TestContextBootstrapper for test class [com.example.todo.selenium.welcome.HelloIT] from class [org.springframework.test.context.support.DefaultTestContextBootstrapper]
23:39:46.040 [main] DEBUG org.springframework.test.context.support.AbstractDelegatingSmartContextLoader - Delegating to GenericXmlContextLoader to process context configuration [ContextConfigurationAttributes@5383967b declaringClass = 'com.example.todo.selenium.welcome.HelloIT', classes = '{}', locations = '{classpath:META-INF/spring/seleniumContext.xml}', inheritLocations = true, initializers = '{}', inheritInitializers = true, name = [null], contextLoaderClass = 'org.springframework.test.context.ContextLoader'].
23:39:46.046 [main] DEBUG org.springframework.test.context.support.ActiveProfilesUtils - Could not find an 'annotation declaring class' for annotation type [org.springframework.test.context.ActiveProfiles] and class [com.example.todo.selenium.welcome.HelloIT]
23:39:46.057 [main] DEBUG org.springframework.test.context.support.DefaultTestContextBootstrapper - @TestExecutionListeners is not present for class [com.example.todo.selenium.welcome.HelloIT]: using defaults.
23:39:46.070 [main] INFO org.springframework.test.context.support.DefaultTestContextBootstrapper - Loaded default TestExecutionListener class names from location [META-INF/spring.factories]: [org.springframework.test.context.web.ServletTestExecutionListener, org.springframework.test.context.support.DirtiesContextBeforeModesTestExecutionListener, org.springframework.test.context.support.DependencyInjectionTestExecutionListener, org.springframework.test.context.support.DirtiesContextTestExecutionListener, org.springframework.test.context.transaction.TransactionalTestExecutionListener, org.springframework.test.context.jdbc.SqlScriptsTestExecutionListener]
23:39:46.079 [main] INFO org.springframework.test.context.support.DefaultTestContextBootstrapper - Could not instantiate TestExecutionListener [org.springframework.test.context.web.ServletTestExecutionListener]. Specify custom listener classes or make the default listener classes (and their required dependencies) available. Offending class: [javax/servlet/ServletContext]
23:39:46.101 [main] INFO org.springframework.test.context.support.DefaultTestContextBootstrapper - Using TestExecutionListeners: [org.springframework.test.context.support.DirtiesContextBeforeModesTestExecutionListener@1f7030a6, org.springframework.test.context.support.DependencyInjectionTestExecutionListener@5a1c0542, org.springframework.test.context.support.DirtiesContextTestExecutionListener@396f6598, org.springframework.test.context.transaction.TransactionalTestExecutionListener@394e1a0f, org.springframework.test.context.jdbc.SqlScriptsTestExecutionListener@27a5f880]
23:39:46.105 [main] DEBUG org.springframework.test.annotation.ProfileValueUtils - Retrieved @ProfileValueSourceConfiguration [null] for test class [com.example.todo.selenium.welcome.HelloIT]
23:39:46.108 [main] DEBUG org.springframework.test.annotation.ProfileValueUtils - Retrieved ProfileValueSource type [class org.springframework.test.annotation.SystemProfileValueSource] for class [com.example.todo.selenium.welcome.HelloIT]
23:39:46.117 [main] DEBUG org.springframework.test.context.junit4.SpringJUnit4ClassRunner - SpringJUnit4ClassRunner constructor called with [class com.example.todo.selenium.welcome.HelloIT]
23:39:46.118 [main] DEBUG org.springframework.test.context.BootstrapUtils - Instantiating CacheAwareContextLoaderDelegate from class [org.springframework.test.context.cache.DefaultCacheAwareContextLoaderDelegate]
23:39:46.119 [main] DEBUG org.springframework.test.context.BootstrapUtils - Instantiating BootstrapContext using constructor [public org.springframework.test.context.support.DefaultBootstrapContext(java.lang.Class,org.springframework.test.context.CacheAwareContextLoaderDelegate)]
23:39:46.120 [main] DEBUG org.springframework.test.context.BootstrapUtils - Instantiating TestContextBootstrapper for test class [com.example.todo.selenium.welcome.HelloIT] from class [org.springframework.test.context.support.DefaultTestContextBootstrapper]
23:39:46.121 [main] DEBUG org.springframework.test.context.support.AbstractDelegatingSmartContextLoader - Delegating to GenericXmlContextLoader to process context configuration [ContextConfigurationAttributes@4493d195 declaringClass = 'com.example.todo.selenium.welcome.HelloIT', classes = '{}', locations = '{classpath:META-INF/spring/seleniumContext.xml}', inheritLocations = true, initializers = '{}', inheritInitializers = true, name = [null], contextLoaderClass = 'org.springframework.test.context.ContextLoader'].
23:39:46.122 [main] DEBUG org.springframework.test.context.support.ActiveProfilesUtils - Could not find an 'annotation declaring class' for annotation type [org.springframework.test.context.ActiveProfiles] and class [com.example.todo.selenium.welcome.HelloIT]
23:39:46.122 [main] DEBUG org.springframework.test.context.support.DefaultTestContextBootstrapper - @TestExecutionListeners is not present for class [com.example.todo.selenium.welcome.HelloIT]: using defaults.
23:39:46.124 [main] INFO org.springframework.test.context.support.DefaultTestContextBootstrapper - Loaded default TestExecutionListener class names from location [META-INF/spring.factories]: [org.springframework.test.context.web.ServletTestExecutionListener, org.springframework.test.context.support.DirtiesContextBeforeModesTestExecutionListener, org.springframework.test.context.support.DependencyInjectionTestExecutionListener, org.springframework.test.context.support.DirtiesContextTestExecutionListener, org.springframework.test.context.transaction.TransactionalTestExecutionListener, org.springframework.test.context.jdbc.SqlScriptsTestExecutionListener]
23:39:46.125 [main] INFO org.springframework.test.context.support.DefaultTestContextBootstrapper - Could not instantiate TestExecutionListener [org.springframework.test.context.web.ServletTestExecutionListener]. Specify custom listener classes or make the default listener classes (and their required dependencies) available. Offending class: [javax/servlet/ServletContext]
23:39:46.126 [main] INFO org.springframework.test.context.support.DefaultTestContextBootstrapper - Using TestExecutionListeners: [org.springframework.test.context.support.DirtiesContextBeforeModesTestExecutionListener@11438d26, org.springframework.test.context.support.DependencyInjectionTestExecutionListener@34cd072c, org.springframework.test.context.support.DirtiesContextTestExecutionListener@7a1ebcd8, org.springframework.test.context.transaction.TransactionalTestExecutionListener@5faeada1, org.springframework.test.context.jdbc.SqlScriptsTestExecutionListener@528931cf]
23:39:46.127 [main] DEBUG org.springframework.test.annotation.ProfileValueUtils - Retrieved @ProfileValueSourceConfiguration [null] for test class [com.example.todo.selenium.welcome.HelloIT]
23:39:46.127 [main] DEBUG org.springframework.test.annotation.ProfileValueUtils - Retrieved ProfileValueSource type [class org.springframework.test.annotation.SystemProfileValueSource] for class [com.example.todo.selenium.welcome.HelloIT]
23:39:46.127 [main] DEBUG org.springframework.test.annotation.ProfileValueUtils - Retrieved @ProfileValueSourceConfiguration [null] for test class [com.example.todo.selenium.welcome.HelloIT]
23:39:46.128 [main] DEBUG org.springframework.test.annotation.ProfileValueUtils - Retrieved ProfileValueSource type [class org.springframework.test.annotation.SystemProfileValueSource] for class [com.example.todo.selenium.welcome.HelloIT]
23:39:46.129 [main] DEBUG org.springframework.test.annotation.ProfileValueUtils - Retrieved @ProfileValueSourceConfiguration [null] for test class [com.example.todo.selenium.welcome.HelloIT]
23:39:46.129 [main] DEBUG org.springframework.test.annotation.ProfileValueUtils - Retrieved ProfileValueSource type [class org.springframework.test.annotation.SystemProfileValueSource] for class [com.example.todo.selenium.welcome.HelloIT]
23:39:46.133 [main] DEBUG org.springframework.test.context.support.AbstractDirtiesContextTestExecutionListener - Before test class: context [DefaultTestContext@76b0bfab testClass = HelloIT, testInstance = [null], testMethod = [null], testException = [null], mergedContextConfiguration = [MergedContextConfiguration@17d677df testClass = HelloIT, locations = '{classpath:META-INF/spring/seleniumContext.xml}', classes = '{}', contextInitializerClasses = '[]', activeProfiles = '{}', propertySourceLocations = '{}', propertySourceProperties = '{}', contextLoader = 'org.springframework.test.context.support.DelegatingSmartContextLoader', parent = [null]]], class annotated with @DirtiesContext [false] with mode [null].
23:39:46.135 [main] DEBUG org.springframework.test.annotation.ProfileValueUtils - Retrieved @ProfileValueSourceConfiguration [null] for test class [com.example.todo.selenium.welcome.HelloIT]
23:39:46.135 [main] DEBUG org.springframework.test.annotation.ProfileValueUtils - Retrieved ProfileValueSource type [class org.springframework.test.annotation.SystemProfileValueSource] for class [com.example.todo.selenium.welcome.HelloIT]
23:39:46.139 [main] DEBUG org.springframework.test.context.support.DependencyInjectionTestExecutionListener - Performing dependency injection for test context [[DefaultTestContext@76b0bfab testClass = HelloIT, testInstance = com.example.todo.selenium.welcome.HelloIT@2a556333, testMethod = [null], testException = [null], mergedContextConfiguration = [MergedContextConfiguration@17d677df testClass = HelloIT, locations = '{classpath:META-INF/spring/seleniumContext.xml}', classes = '{}', contextInitializerClasses = '[]', activeProfiles = '{}', propertySourceLocations = '{}', propertySourceProperties = '{}', contextLoader = 'org.springframework.test.context.support.DelegatingSmartContextLoader', parent = [null]]]].
23:39:46.139 [main] DEBUG org.springframework.test.context.support.AbstractDelegatingSmartContextLoader - Delegating to GenericXmlContextLoader to load context from [MergedContextConfiguration@17d677df testClass = HelloIT, locations = '{classpath:META-INF/spring/seleniumContext.xml}', classes = '{}', contextInitializerClasses = '[]', activeProfiles = '{}', propertySourceLocations = '{}', propertySourceProperties = '{}', contextLoader = 'org.springframework.test.context.support.DelegatingSmartContextLoader', parent = [null]].
23:39:46.140 [main] DEBUG org.springframework.test.context.support.AbstractGenericContextLoader - Loading ApplicationContext for merged context configuration [[MergedContextConfiguration@17d677df testClass = HelloIT, locations = '{classpath:META-INF/spring/seleniumContext.xml}', classes = '{}', contextInitializerClasses = '[]', activeProfiles = '{}', propertySourceLocations = '{}', propertySourceProperties = '{}', contextLoader = 'org.springframework.test.context.support.DelegatingSmartContextLoader', parent = [null]]].
23:39:46.326 [main] DEBUG org.springframework.core.env.StandardEnvironment - Adding [systemProperties] PropertySource with lowest search precedence
23:39:46.330 [main] DEBUG org.springframework.core.env.StandardEnvironment - Adding [systemEnvironment] PropertySource with lowest search precedence
23:39:46.331 [main] DEBUG org.springframework.core.env.StandardEnvironment - Initialized StandardEnvironment with PropertySources [systemProperties,systemEnvironment]
23:39:46.369 [main] INFO org.springframework.beans.factory.xml.XmlBeanDefinitionReader - Loading XML bean definitions from class path resource [META-INF/spring/seleniumContext.xml]
23:39:46.496 [main] DEBUG org.springframework.beans.factory.xml.DefaultDocumentLoader - Using JAXP provider [org.apache.xerces.jaxp.DocumentBuilderFactoryImpl]
23:39:46.676 [main] DEBUG org.springframework.beans.factory.xml.PluggableSchemaResolver - Loading schema mappings from [META-INF/spring.schemas]
23:39:46.680 [main] DEBUG org.springframework.beans.factory.xml.PluggableSchemaResolver - Loaded schema mappings: {http://www.springframework.org/schema/tx/spring-tx-2.5.xsd=org/springframework/transaction/config/spring-tx-2.5.xsd, http://www.springframework.org/schema/cache/spring-cache-4.2.xsd=org/springframework/cache/config/spring-cache-4.2.xsd, http://www.springframework.org/schema/aop/spring-aop-4.1.xsd=org/springframework/aop/config/spring-aop-4.1.xsd, http://www.springframework.org/schema/context/spring-context-3.1.xsd=org/springframework/context/config/spring-context-3.1.xsd, http://www.springframework.org/schema/data/repository/spring-repository-1.4.xsd=org/springframework/data/repository/config/spring-repository-1.4.xsd, http://www.springframework.org/schema/jdbc/spring-jdbc-4.1.xsd=org/springframework/jdbc/config/spring-jdbc-4.1.xsd, http://www.springframework.org/schema/util/spring-util-3.0.xsd=org/springframework/beans/factory/xml/spring-util-3.0.xsd, http://www.springframework.org/schema/security/spring-security-3.0.3.xsd=org/springframework/security/config/spring-security-3.0.3.xsd, http://mybatis.org/schema/mybatis-spring-1.2.xsd=org/mybatis/spring/config/mybatis-spring-1.2.xsd, http://www.springframework.org/schema/security/spring-security-2.0.1.xsd=org/springframework/security/config/spring-security-2.0.1.xsd, http://www.springframework.org/schema/tool/spring-tool.xsd=org/springframework/beans/factory/xml/spring-tool-4.2.xsd, http://www.springframework.org/schema/aop/spring-aop-3.2.xsd=org/springframework/aop/config/spring-aop-3.2.xsd, http://www.springframework.org/schema/lang/spring-lang-4.1.xsd=org/springframework/scripting/config/spring-lang-4.1.xsd, http://www.springframework.org/schema/context/spring-context-4.0.xsd=org/springframework/context/config/spring-context-4.0.xsd, http://www.springframework.org/schema/beans/spring-beans-4.2.xsd=org/springframework/beans/factory/xml/spring-beans-4.2.xsd, http://www.springframework.org/schema/tool/spring-tool-4.1.xsd=org/springframework/beans/factory/xml/spring-tool-4.1.xsd, http://www.springframework.org/schema/lang/spring-lang-3.2.xsd=org/springframework/scripting/config/spring-lang-3.2.xsd, http://www.springframework.org/schema/cache/spring-cache-3.2.xsd=org/springframework/cache/config/spring-cache-3.2.xsd, http://www.springframework.org/schema/jee/spring-jee-4.1.xsd=org/springframework/ejb/config/spring-jee-4.1.xsd, http://www.springframework.org/schema/jdbc/spring-jdbc-3.1.xsd=org/springframework/jdbc/config/spring-jdbc-3.1.xsd, http://www.springframework.org/schema/task/spring-task-4.2.xsd=org/springframework/scheduling/config/spring-task-4.2.xsd, http://www.springframework.org/schema/util/spring-util-2.0.xsd=org/springframework/beans/factory/xml/spring-util-2.0.xsd, http://www.springframework.org/schema/tool/spring-tool-3.2.xsd=org/springframework/beans/factory/xml/spring-tool-3.2.xsd, http://www.springframework.org/schema/context/spring-context.xsd=org/springframework/context/config/spring-context-4.2.xsd, http://www.springframework.org/schema/tx/spring-tx-4.2.xsd=org/springframework/transaction/config/spring-tx-4.2.xsd, http://www.springframework.org/schema/cache/spring-cache-4.1.xsd=org/springframework/cache/config/spring-cache-4.1.xsd, http://www.springframework.org/schema/aop/spring-aop-4.0.xsd=org/springframework/aop/config/spring-aop-4.0.xsd, http://www.springframework.org/schema/security/spring-security-2.0.xsd=org/springframework/security/config/spring-security-2.0.xsd, http://www.springframework.org/schema/jee/spring-jee-3.2.xsd=org/springframework/ejb/config/spring-jee-3.2.xsd, http://www.springframework.org/schema/context/spring-context-3.0.xsd=org/springframework/context/config/spring-context-3.0.xsd, http://www.springframework.org/schema/jdbc/spring-jdbc-4.0.xsd=org/springframework/jdbc/config/spring-jdbc-4.0.xsd, http://www.springframework.org/schema/util/spring-util-2.5.xsd=org/springframework/beans/factory/xml/spring-util-2.5.xsd, http://www.springframework.org/schema/beans/spring-beans-3.2.xsd=org/springframework/beans/factory/xml/spring-beans-3.2.xsd, http://www.springframework.org/schema/aop/spring-aop-3.1.xsd=org/springframework/aop/config/spring-aop-3.1.xsd, http://www.springframework.org/schema/lang/spring-lang-4.0.xsd=org/springframework/scripting/config/spring-lang-4.0.xsd, http://www.springframework.org/schema/data/repository/spring-repository-1.8.xsd=org/springframework/data/repository/config/spring-repository-1.8.xsd, http://www.springframework.org/schema/beans/spring-beans-4.1.xsd=org/springframework/beans/factory/xml/spring-beans-4.1.xsd, http://www.springframework.org/schema/tool/spring-tool-4.0.xsd=org/springframework/beans/factory/xml/spring-tool-4.0.xsd, http://www.springframework.org/schema/lang/spring-lang-3.1.xsd=org/springframework/scripting/config/spring-lang-3.1.xsd, http://www.springframework.org/schema/tx/spring-tx-3.2.xsd=org/springframework/transaction/config/spring-tx-3.2.xsd, http://www.springframework.org/schema/cache/spring-cache-3.1.xsd=org/springframework/cache/config/spring-cache-3.1.xsd, http://www.springframework.org/schema/jee/spring-jee-4.0.xsd=org/springframework/ejb/config/spring-jee-4.0.xsd, http://www.springframework.org/schema/jdbc/spring-jdbc-3.0.xsd=org/springframework/jdbc/config/spring-jdbc-3.0.xsd, http://www.springframework.org/schema/task/spring-task-4.1.xsd=org/springframework/scheduling/config/spring-task-4.1.xsd, http://www.springframework.org/schema/jdbc/spring-jdbc.xsd=org/springframework/jdbc/config/spring-jdbc-4.2.xsd, http://www.springframework.org/schema/tool/spring-tool-3.1.xsd=org/springframework/beans/factory/xml/spring-tool-3.1.xsd, http://www.springframework.org/schema/tx/spring-tx-4.1.xsd=org/springframework/transaction/config/spring-tx-4.1.xsd, http://www.springframework.org/schema/cache/spring-cache-4.0.xsd=org/springframework/cache/config/spring-cache-4.0.xsd, http://www.springframework.org/schema/jee/spring-jee-3.1.xsd=org/springframework/ejb/config/spring-jee-3.1.xsd, http://www.springframework.org/schema/task/spring-task-3.2.xsd=org/springframework/scheduling/config/spring-task-3.2.xsd, http://www.springframework.org/schema/util/spring-util-4.2.xsd=org/springframework/beans/factory/xml/spring-util-4.2.xsd, http://www.springframework.org/schema/beans/spring-beans-3.1.xsd=org/springframework/beans/factory/xml/spring-beans-3.1.xsd, http://www.springframework.org/schema/util/spring-util.xsd=org/springframework/beans/factory/xml/spring-util-4.2.xsd, http://www.springframework.org/schema/aop/spring-aop-3.0.xsd=org/springframework/aop/config/spring-aop-3.0.xsd, http://www.springframework.org/schema/data/repository/spring-repository.xsd=org/springframework/data/repository/config/spring-repository-1.11.xsd, http://www.springframework.org/schema/data/repository/spring-repository-1.7.xsd=org/springframework/data/repository/config/spring-repository-1.7.xsd, http://www.springframework.org/schema/beans/spring-beans-4.0.xsd=org/springframework/beans/factory/xml/spring-beans-4.0.xsd, http://www.springframework.org/schema/beans/spring-beans.xsd=org/springframework/beans/factory/xml/spring-beans-4.2.xsd, http://www.springframework.org/schema/security/spring-security-2.0.4.xsd=org/springframework/security/config/spring-security-2.0.4.xsd, http://mybatis.org/schema/mybatis-spring.xsd=org/mybatis/spring/config/mybatis-spring-1.2.xsd, http://www.springframework.org/schema/lang/spring-lang-3.0.xsd=org/springframework/scripting/config/spring-lang-3.0.xsd, http://www.springframework.org/schema/tx/spring-tx-3.1.xsd=org/springframework/transaction/config/spring-tx-3.1.xsd, http://www.springframework.org/schema/context/spring-context-2.5.xsd=org/springframework/context/config/spring-context-2.5.xsd, http://www.springframework.org/schema/task/spring-task-4.0.xsd=org/springframework/scheduling/config/spring-task-4.0.xsd, http://www.springframework.org/schema/tool/spring-tool-3.0.xsd=org/springframework/beans/factory/xml/spring-tool-3.0.xsd, http://www.springframework.org/schema/tx/spring-tx-4.0.xsd=org/springframework/transaction/config/spring-tx-4.0.xsd, http://www.springframework.org/schema/aop/spring-aop-2.0.xsd=org/springframework/aop/config/spring-aop-2.0.xsd, http://www.springframework.org/schema/security/spring-security-3.2.xsd=org/springframework/security/config/spring-security-3.2.xsd, http://www.springframework.org/schema/jee/spring-jee-3.0.xsd=org/springframework/ejb/config/spring-jee-3.0.xsd, http://www.springframework.org/schema/task/spring-task-3.1.xsd=org/springframework/scheduling/config/spring-task-3.1.xsd, http://www.springframework.org/schema/util/spring-util-4.1.xsd=org/springframework/beans/factory/xml/spring-util-4.1.xsd, http://www.springframework.org/schema/beans/spring-beans-3.0.xsd=org/springframework/beans/factory/xml/spring-beans-3.0.xsd, http://www.springframework.org/schema/jee/spring-jee.xsd=org/springframework/ejb/config/spring-jee-4.2.xsd, http://www.springframework.org/schema/aop/spring-aop-2.5.xsd=org/springframework/aop/config/spring-aop-2.5.xsd, http://www.springframework.org/schema/lang/spring-lang-2.0.xsd=org/springframework/scripting/config/spring-lang-2.0.xsd, http://www.springframework.org/schema/data/repository/spring-repository-1.6.xsd=org/springframework/data/repository/config/spring-repository-1.6.xsd, http://www.springframework.org/schema/util/spring-util-3.2.xsd=org/springframework/beans/factory/xml/spring-util-3.2.xsd, http://www.springframework.org/schema/task/spring-task.xsd=org/springframework/scheduling/config/spring-task-4.2.xsd, http://www.springframework.org/schema/tool/spring-tool-2.0.xsd=org/springframework/beans/factory/xml/spring-tool-2.0.xsd, http://www.springframework.org/schema/lang/spring-lang-2.5.xsd=org/springframework/scripting/config/spring-lang-2.5.xsd, http://www.springframework.org/schema/tx/spring-tx-3.0.xsd=org/springframework/transaction/config/spring-tx-3.0.xsd, http://www.springframework.org/schema/context/spring-context-4.2.xsd=org/springframework/context/config/spring-context-4.2.xsd, http://www.springframework.org/schema/jee/spring-jee-2.0.xsd=org/springframework/ejb/config/spring-jee-2.0.xsd, http://www.springframework.org/schema/tool/spring-tool-2.5.xsd=org/springframework/beans/factory/xml/spring-tool-2.5.xsd, http://www.springframework.org/schema/security/spring-security-3.1.xsd=org/springframework/security/config/spring-security-3.1.xsd, http://www.springframework.org/schema/jee/spring-jee-2.5.xsd=org/springframework/ejb/config/spring-jee-2.5.xsd, http://www.springframework.org/schema/data/repository/spring-repository-1.0.xsd=org/springframework/data/repository/config/spring-repository-1.0.xsd, http://www.springframework.org/schema/task/spring-task-3.0.xsd=org/springframework/scheduling/config/spring-task-3.0.xsd, http://www.springframework.org/schema/util/spring-util-4.0.xsd=org/springframework/beans/factory/xml/spring-util-4.0.xsd, http://www.springframework.org/schema/aop/spring-aop-4.2.xsd=org/springframework/aop/config/spring-aop-4.2.xsd, http://www.springframework.org/schema/security/spring-security-4.0.xsd=org/springframework/security/config/spring-security-4.0.xsd, http://www.springframework.org/schema/lang/spring-lang.xsd=org/springframework/scripting/config/spring-lang-4.2.xsd, http://www.springframework.org/schema/context/spring-context-3.2.xsd=org/springframework/context/config/spring-context-3.2.xsd, http://www.springframework.org/schema/jdbc/spring-jdbc-4.2.xsd=org/springframework/jdbc/config/spring-jdbc-4.2.xsd, http://www.springframework.org/schema/data/repository/spring-repository-1.5.xsd=org/springframework/data/repository/config/spring-repository-1.5.xsd, http://www.springframework.org/schema/util/spring-util-3.1.xsd=org/springframework/beans/factory/xml/spring-util-3.1.xsd, http://www.springframework.org/schema/beans/spring-beans-2.0.xsd=org/springframework/beans/factory/xml/spring-beans-2.0.xsd, http://www.springframework.org/schema/cache/spring-cache.xsd=org/springframework/cache/config/spring-cache-4.2.xsd, http://www.springframework.org/schema/tx/spring-tx.xsd=org/springframework/transaction/config/spring-tx-4.2.xsd, http://www.springframework.org/schema/security/spring-security-2.0.2.xsd=org/springframework/security/config/spring-security-2.0.2.xsd, http://www.springframework.org/schema/lang/spring-lang-4.2.xsd=org/springframework/scripting/config/spring-lang-4.2.xsd, http://www.springframework.org/schema/context/spring-context-4.1.xsd=org/springframework/context/config/spring-context-4.1.xsd, http://www.springframework.org/schema/beans/spring-beans-2.5.xsd=org/springframework/beans/factory/xml/spring-beans-2.5.xsd, http://www.springframework.org/schema/tool/spring-tool-4.2.xsd=org/springframework/beans/factory/xml/spring-tool-4.2.xsd, http://www.springframework.org/schema/security/spring-security.xsd=org/springframework/security/config/spring-security-4.0.xsd, http://www.springframework.org/schema/tx/spring-tx-2.0.xsd=org/springframework/transaction/config/spring-tx-2.0.xsd, http://dozer.sourceforge.net/schema/dozer-spring.xsd=dozer-spring.xsd, http://www.springframework.org/schema/security/spring-security-3.0.xsd=org/springframework/security/config/spring-security-3.0.xsd, http://www.springframework.org/schema/jee/spring-jee-4.2.xsd=org/springframework/ejb/config/spring-jee-4.2.xsd, http://www.springframework.org/schema/data/repository/spring-repository-1.11.xsd=org/springframework/data/repository/config/spring-repository-1.11.xsd, http://www.springframework.org/schema/jdbc/spring-jdbc-3.2.xsd=org/springframework/jdbc/config/spring-jdbc-3.2.xsd, http://www.springframework.org/schema/aop/spring-aop.xsd=org/springframework/aop/config/spring-aop-4.2.xsd}
23:39:46.683 [main] DEBUG org.springframework.beans.factory.xml.PluggableSchemaResolver - Found XML schema [http://www.springframework.org/schema/beans/spring-beans.xsd] in classpath: org/springframework/beans/factory/xml/spring-beans-4.2.xsd
23:39:46.783 [main] DEBUG org.springframework.beans.factory.xml.PluggableSchemaResolver - Found XML schema [http://www.springframework.org/schema/context/spring-context.xsd] in classpath: org/springframework/context/config/spring-context-4.2.xsd
23:39:46.791 [main] DEBUG org.springframework.beans.factory.xml.PluggableSchemaResolver - Found XML schema [http://www.springframework.org/schema/tool/spring-tool-4.2.xsd] in classpath: org/springframework/beans/factory/xml/spring-tool-4.2.xsd
23:39:46.804 [main] DEBUG org.springframework.beans.factory.xml.DefaultBeanDefinitionDocumentReader - Loading bean definitions
23:39:46.824 [main] DEBUG org.springframework.beans.factory.xml.DefaultNamespaceHandlerResolver - Loaded NamespaceHandler mappings: {http://www.springframework.org/schema/p=org.springframework.beans.factory.xml.SimplePropertyNamespaceHandler, http://www.springframework.org/schema/util=org.springframework.beans.factory.xml.UtilNamespaceHandler, http://www.springframework.org/schema/jee=org.springframework.ejb.config.JeeNamespaceHandler, http://www.springframework.org/schema/aop=org.springframework.aop.config.AopNamespaceHandler, http://www.springframework.org/schema/jdbc=org.springframework.jdbc.config.JdbcNamespaceHandler, http://www.springframework.org/schema/data/repository=org.springframework.data.repository.config.RepositoryNameSpaceHandler, http://www.springframework.org/schema/cache=org.springframework.cache.config.CacheNamespaceHandler, http://mybatis.org/schema/mybatis-spring=org.mybatis.spring.config.NamespaceHandler, http://www.springframework.org/schema/c=org.springframework.beans.factory.xml.SimpleConstructorNamespaceHandler, http://www.springframework.org/schema/security=org.springframework.security.config.SecurityNamespaceHandler, http://www.springframework.org/schema/tx=org.springframework.transaction.config.TxNamespaceHandler, http://dozer.sourceforge.net/schema/dozer-spring=org.dozer.spring.DozerNamespaceHandler, http://www.springframework.org/schema/task=org.springframework.scheduling.config.TaskNamespaceHandler, http://www.springframework.org/schema/lang=org.springframework.scripting.config.LangNamespaceHandler, http://www.springframework.org/schema/data/keyvalue=org.springframework.data.keyvalue.repository.config.KeyValueRepositoryNameSpaceHandler, http://www.springframework.org/schema/context=org.springframework.context.config.ContextNamespaceHandler}
23:39:46.856 [main] DEBUG org.springframework.beans.factory.xml.XmlBeanDefinitionReader - Loaded 2 bean definitions from location pattern [classpath:META-INF/spring/seleniumContext.xml]
23:39:46.880 [main] INFO org.springframework.context.support.GenericApplicationContext - Refreshing org.springframework.context.support.GenericApplicationContext@670b40af: startup date [Mon Apr 20 23:39:46 MMT 2020]; root of context hierarchy
23:39:46.881 [main] DEBUG org.springframework.context.support.GenericApplicationContext - Bean factory for org.springframework.context.support.GenericApplicationContext@670b40af: org.springframework.beans.factory.support.DefaultListableBeanFactory@671a5887: defining beans [org.springframework.context.support.PropertySourcesPlaceholderConfigurer#0,webDriver,org.springframework.context.annotation.internalConfigurationAnnotationProcessor,org.springframework.context.annotation.internalAutowiredAnnotationProcessor,org.springframework.context.annotation.internalRequiredAnnotationProcessor,org.springframework.context.annotation.internalCommonAnnotationProcessor,org.springframework.context.event.internalEventListenerProcessor,org.springframework.context.event.internalEventListenerFactory]; root of factory hierarchy
23:39:46.922 [main] DEBUG org.springframework.beans.factory.support.DefaultListableBeanFactory - Creating shared instance of singleton bean 'org.springframework.context.annotation.internalConfigurationAnnotationProcessor'
23:39:46.923 [main] DEBUG org.springframework.beans.factory.support.DefaultListableBeanFactory - Creating instance of bean 'org.springframework.context.annotation.internalConfigurationAnnotationProcessor'
23:39:46.944 [main] DEBUG org.springframework.beans.factory.support.DefaultListableBeanFactory - Eagerly caching bean 'org.springframework.context.annotation.internalConfigurationAnnotationProcessor' to allow for resolving potential circular references
23:39:46.946 [main] DEBUG org.springframework.beans.factory.support.DefaultListableBeanFactory - Finished creating instance of bean 'org.springframework.context.annotation.internalConfigurationAnnotationProcessor'
23:39:46.988 [main] DEBUG org.springframework.beans.factory.support.DefaultListableBeanFactory - Creating shared instance of singleton bean 'org.springframework.context.support.PropertySourcesPlaceholderConfigurer#0'
23:39:46.988 [main] DEBUG org.springframework.beans.factory.support.DefaultListableBeanFactory - Creating instance of bean 'org.springframework.context.support.PropertySourcesPlaceholderConfigurer#0'
23:39:46.989 [main] DEBUG org.springframework.beans.factory.support.DefaultListableBeanFactory - Eagerly caching bean 'org.springframework.context.support.PropertySourcesPlaceholderConfigurer#0' to allow for resolving potential circular references
23:39:47.039 [main] DEBUG org.springframework.core.io.support.PathMatchingResourcePatternResolver - Resolved classpath location [META-INF/spring/] to resources [URL [file:/D:/Tera/todo/todo-selenium/target/test-classes/META-INF/spring/], URL [jar:file:/C:/Users/USER/.m2/repository/com/example/todo/todo-domain/1.0.0-SNAPSHOT/todo-domain-1.0.0-SNAPSHOT.jar!/META-INF/spring/]]
23:39:47.039 [main] DEBUG org.springframework.core.io.support.PathMatchingResourcePatternResolver - Looking for matching resources in directory tree [D:\Tera\todo\todo-selenium\target\test-classes\META-INF\spring]
23:39:47.040 [main] DEBUG org.springframework.core.io.support.PathMatchingResourcePatternResolver - Searching directory [D:\Tera\todo\todo-selenium\target\test-classes\META-INF\spring] for files matching pattern [D:/Tera/todo/todo-selenium/target/test-classes/META-INF/spring/*.properties]
23:39:47.044 [main] DEBUG org.springframework.core.io.support.PathMatchingResourcePatternResolver - Looking for matching resources in jar file [file:/C:/Users/USER/.m2/repository/com/example/todo/todo-domain/1.0.0-SNAPSHOT/todo-domain-1.0.0-SNAPSHOT.jar]
23:39:47.045 [main] DEBUG org.springframework.core.io.support.PathMatchingResourcePatternResolver - Resolved location pattern [classpath*:META-INF/spring/*.properties] to resources [file [D:\Tera\todo\todo-selenium\target\test-classes\META-INF\spring\selenium.properties]]
23:39:47.048 [main] DEBUG org.springframework.beans.factory.support.DefaultListableBeanFactory - Finished creating instance of bean 'org.springframework.context.support.PropertySourcesPlaceholderConfigurer#0'
23:39:47.049 [main] DEBUG org.springframework.core.env.MutablePropertySources - Adding [environmentProperties] PropertySource with lowest search precedence
23:39:47.049 [main] INFO org.springframework.context.support.PropertySourcesPlaceholderConfigurer - Loading properties file from file [D:\Tera\todo\todo-selenium\target\test-classes\META-INF\spring\selenium.properties]
23:39:47.051 [main] DEBUG org.springframework.core.env.MutablePropertySources - Adding [localProperties] PropertySource with lowest search precedence
23:39:47.056 [main] DEBUG org.springframework.beans.factory.support.DefaultListableBeanFactory - Creating shared instance of singleton bean 'org.springframework.context.annotation.internalAutowiredAnnotationProcessor'
23:39:47.056 [main] DEBUG org.springframework.beans.factory.support.DefaultListableBeanFactory - Creating instance of bean 'org.springframework.context.annotation.internalAutowiredAnnotationProcessor'
23:39:47.057 [main] INFO org.springframework.beans.factory.annotation.AutowiredAnnotationBeanPostProcessor - JSR-330 'javax.inject.Inject' annotation found and supported for autowiring
23:39:47.057 [main] DEBUG org.springframework.beans.factory.support.DefaultListableBeanFactory - Eagerly caching bean 'org.springframework.context.annotation.internalAutowiredAnnotationProcessor' to allow for resolving potential circular references
23:39:47.057 [main] DEBUG org.springframework.beans.factory.support.DefaultListableBeanFactory - Finished creating instance of bean 'org.springframework.context.annotation.internalAutowiredAnnotationProcessor'
23:39:47.057 [main] DEBUG org.springframework.beans.factory.support.DefaultListableBeanFactory - Creating shared instance of singleton bean 'org.springframework.context.annotation.internalRequiredAnnotationProcessor'
23:39:47.057 [main] DEBUG org.springframework.beans.factory.support.DefaultListableBeanFactory - Creating instance of bean 'org.springframework.context.annotation.internalRequiredAnnotationProcessor'
23:39:47.058 [main] DEBUG org.springframework.beans.factory.support.DefaultListableBeanFactory - Eagerly caching bean 'org.springframework.context.annotation.internalRequiredAnnotationProcessor' to allow for resolving potential circular references
23:39:47.058 [main] DEBUG org.springframework.beans.factory.support.DefaultListableBeanFactory - Finished creating instance of bean 'org.springframework.context.annotation.internalRequiredAnnotationProcessor'
23:39:47.058 [main] DEBUG org.springframework.beans.factory.support.DefaultListableBeanFactory - Creating shared instance of singleton bean 'org.springframework.context.annotation.internalCommonAnnotationProcessor'
23:39:47.058 [main] DEBUG org.springframework.beans.factory.support.DefaultListableBeanFactory - Creating instance of bean 'org.springframework.context.annotation.internalCommonAnnotationProcessor'
23:39:47.063 [main] DEBUG org.springframework.beans.factory.support.DefaultListableBeanFactory - Eagerly caching bean 'org.springframework.context.annotation.internalCommonAnnotationProcessor' to allow for resolving potential circular references
23:39:47.063 [main] DEBUG org.springframework.beans.factory.support.DefaultListableBeanFactory - Finished creating instance of bean 'org.springframework.context.annotation.internalCommonAnnotationProcessor'
23:39:47.064 [main] DEBUG org.springframework.beans.factory.support.DefaultListableBeanFactory - Creating shared instance of singleton bean 'org.springframework.context.annotation.ConfigurationClassPostProcessor.importAwareProcessor'
23:39:47.064 [main] DEBUG org.springframework.beans.factory.support.DefaultListableBeanFactory - Creating instance of bean 'org.springframework.context.annotation.ConfigurationClassPostProcessor.importAwareProcessor'
23:39:47.064 [main] DEBUG org.springframework.beans.factory.support.DefaultListableBeanFactory - Eagerly caching bean 'org.springframework.context.annotation.ConfigurationClassPostProcessor.importAwareProcessor' to allow for resolving potential circular references
23:39:47.064 [main] DEBUG org.springframework.beans.factory.support.DefaultListableBeanFactory - Finished creating instance of bean 'org.springframework.context.annotation.ConfigurationClassPostProcessor.importAwareProcessor'
23:39:47.064 [main] DEBUG org.springframework.beans.factory.support.DefaultListableBeanFactory - Creating shared instance of singleton bean 'org.springframework.context.annotation.ConfigurationClassPostProcessor.enhancedConfigurationProcessor'
23:39:47.065 [main] DEBUG org.springframework.beans.factory.support.DefaultListableBeanFactory - Creating instance of bean 'org.springframework.context.annotation.ConfigurationClassPostProcessor.enhancedConfigurationProcessor'
23:39:47.065 [main] DEBUG org.springframework.beans.factory.support.DefaultListableBeanFactory - Eagerly caching bean 'org.springframework.context.annotation.ConfigurationClassPostProcessor.enhancedConfigurationProcessor' to allow for resolving potential circular references
23:39:47.066 [main] DEBUG org.springframework.beans.factory.support.DefaultListableBeanFactory - Finished creating instance of bean 'org.springframework.context.annotation.ConfigurationClassPostProcessor.enhancedConfigurationProcessor'
23:39:47.069 [main] DEBUG org.springframework.context.support.GenericApplicationContext - Unable to locate MessageSource with name 'messageSource': using default [org.springframework.context.support.DelegatingMessageSource@20140db9]
23:39:47.073 [main] DEBUG org.springframework.context.support.GenericApplicationContext - Unable to locate ApplicationEventMulticaster with name 'applicationEventMulticaster': using default [org.springframework.context.event.SimpleApplicationEventMulticaster@63376bed]
23:39:47.075 [main] DEBUG org.springframework.beans.factory.support.DefaultListableBeanFactory - Pre-instantiating singletons in org.springframework.beans.factory.support.DefaultListableBeanFactory@671a5887: defining beans [org.springframework.context.support.PropertySourcesPlaceholderConfigurer#0,webDriver,org.springframework.context.annotation.internalConfigurationAnnotationProcessor,org.springframework.context.annotation.internalAutowiredAnnotationProcessor,org.springframework.context.annotation.internalRequiredAnnotationProcessor,org.springframework.context.annotation.internalCommonAnnotationProcessor,org.springframework.context.event.internalEventListenerProcessor,org.springframework.context.event.internalEventListenerFactory,org.springframework.context.annotation.ConfigurationClassPostProcessor.importAwareProcessor,org.springframework.context.annotation.ConfigurationClassPostProcessor.enhancedConfigurationProcessor]; root of factory hierarchy
23:39:47.075 [main] DEBUG org.springframework.beans.factory.support.DefaultListableBeanFactory - Returning cached instance of singleton bean 'org.springframework.context.support.PropertySourcesPlaceholderConfigurer#0'
23:39:47.076 [main] DEBUG org.springframework.beans.factory.support.DefaultListableBeanFactory - Returning cached instance of singleton bean 'org.springframework.context.annotation.internalConfigurationAnnotationProcessor'
23:39:47.076 [main] DEBUG org.springframework.beans.factory.support.DefaultListableBeanFactory - Returning cached instance of singleton bean 'org.springframework.context.annotation.internalAutowiredAnnotationProcessor'
23:39:47.076 [main] DEBUG org.springframework.beans.factory.support.DefaultListableBeanFactory - Returning cached instance of singleton bean 'org.springframework.context.annotation.internalRequiredAnnotationProcessor'
23:39:47.077 [main] DEBUG org.springframework.beans.factory.support.DefaultListableBeanFactory - Returning cached instance of singleton bean 'org.springframework.context.annotation.internalCommonAnnotationProcessor'
23:39:47.077 [main] DEBUG org.springframework.beans.factory.support.DefaultListableBeanFactory - Creating shared instance of singleton bean 'org.springframework.context.event.internalEventListenerProcessor'
23:39:47.077 [main] DEBUG org.springframework.beans.factory.support.DefaultListableBeanFactory - Creating instance of bean 'org.springframework.context.event.internalEventListenerProcessor'
23:39:47.089 [main] DEBUG org.springframework.beans.factory.support.DefaultListableBeanFactory - Eagerly caching bean 'org.springframework.context.event.internalEventListenerProcessor' to allow for resolving potential circular references
23:39:47.093 [main] DEBUG org.springframework.beans.factory.support.DefaultListableBeanFactory - Finished creating instance of bean 'org.springframework.context.event.internalEventListenerProcessor'
23:39:47.094 [main] DEBUG org.springframework.beans.factory.support.DefaultListableBeanFactory - Creating shared instance of singleton bean 'org.springframework.context.event.internalEventListenerFactory'
23:39:47.094 [main] DEBUG org.springframework.beans.factory.support.DefaultListableBeanFactory - Creating instance of bean 'org.springframework.context.event.internalEventListenerFactory'
23:39:47.095 [main] DEBUG org.springframework.beans.factory.support.DefaultListableBeanFactory - Eagerly caching bean 'org.springframework.context.event.internalEventListenerFactory' to allow for resolving potential circular references
23:39:47.098 [main] DEBUG org.springframework.beans.factory.support.DefaultListableBeanFactory - Finished creating instance of bean 'org.springframework.context.event.internalEventListenerFactory'
23:39:47.099 [main] DEBUG org.springframework.beans.factory.support.DefaultListableBeanFactory - Returning cached instance of singleton bean 'org.springframework.context.annotation.ConfigurationClassPostProcessor.importAwareProcessor'
23:39:47.099 [main] DEBUG org.springframework.beans.factory.support.DefaultListableBeanFactory - Returning cached instance of singleton bean 'org.springframework.context.annotation.ConfigurationClassPostProcessor.enhancedConfigurationProcessor'
23:39:47.099 [main] DEBUG org.springframework.beans.factory.support.DefaultListableBeanFactory - Returning cached instance of singleton bean 'org.springframework.context.event.internalEventListenerFactory'
23:39:47.142 [main] DEBUG org.springframework.context.support.GenericApplicationContext - Unable to locate LifecycleProcessor with name 'lifecycleProcessor': using default [org.springframework.context.support.DefaultLifecycleProcessor@7d9d0818]
23:39:47.143 [main] DEBUG org.springframework.beans.factory.support.DefaultListableBeanFactory - Returning cached instance of singleton bean 'lifecycleProcessor'
23:39:47.145 [main] DEBUG org.springframework.core.env.PropertySourcesPropertyResolver - Searching for key 'spring.liveBeansView.mbeanDomain' in [systemProperties]
23:39:47.145 [main] DEBUG org.springframework.core.env.PropertySourcesPropertyResolver - Searching for key 'spring.liveBeansView.mbeanDomain' in [systemEnvironment]
[...]
	at org.springframework.beans.factory.support.AbstractAutowireCapableBeanFactory.instantiateBean(AbstractAutowireCapableBeanFactory.java:1098)
	... 38 common frames omitted
Caused by: org.openqa.selenium.WebDriverException: Failed to connect to binary FirefoxBinary(C:\Program Files\Mozilla Firefox\firefox.exe) on port 7055; process output follows: 
a, ensiklopedia bebas","creator":null,"developers":null,"translators":null,"contributors":null,"locales":["ms"]},{"name":"ﾐ柘孟ｺﾑ孟ｿﾑ災ｴﾑ錦? (be-tarask)","description":"ﾐ柘孟ｺﾑ孟ｿﾑ災ｴﾑ錦?, ﾐｲﾐｾﾐｻﾑ糊ｽﾐｰﾑ? ﾑ災ｽﾑ?ﾑ巾ｺﾐｻﾑ紹ｿﾑ災ｴﾑ錦?","creator":null,"developers":null,"translators":null,"contributors":null,"locales":["be-tarask"]},{"name":"Wikipedia (sv)","description":"Wikipedia, den fria encyklopedin","creator":null,"developers":null,"translators":null,"contributors":null,"locales":["sv-SE"]},{"name":"犲ｧ犲ｴ犲≒ｺｴ犲樅ｺｵ狃?犲扉ｺ? (lo)","description":"犲ｧ犲ｴ犲≒ｺｴ犲樅ｺｵ狃?犲扉ｺ?, 犲ｪ犲ｲ犲･犲ｲ犲吭ｺｸ犲≒ｺｻ犲｡狃?犲ｪ犲･犲ｵ","creator":null,"developers":null,"translators":null,"contributors":null,"locales":["lo"]},{"name":"Wikipedija (sl)","description":"Wikipedija, prosta enciklopedija","creator":null,"developers":null,"translators":null,"contributors":null,"locales":["sl"]},{"name":"Biquipedia (an)","description":"A enciclopedia Libre","creator":null,"developers":null,"translators":null,"contributors":null,"locales":["an"]},{"name":"Vikipﾄ電ija","description":"Vikipﾄ電ija, brﾄｫvﾄ? enciklopﾄ電ija","creator":null,"developers":null,"translators":null,"contributors":null,"locales":["lv"]}],"targetApplications":[{"id":"toolkit@mozilla.org","minVersion":null,"maxVersion":null}],"targetPlatforms":[],"seen":true,"dependencies":[],"incognito":"spanning","userPermissions":{"permissions":[],"origins":[]},"optionalPermissions":{"permissions":[],"origins":[]},"icons":{"16":"favicon.ico"},"iconURL":null,"blocklistState":0,"blocklistURL":null,"startupData":null,"hidden":true,"installTelemetryInfo":null,"recommendationState":null,"rootURI":"resource://search-extensions/wikipedia/","location":"app-builtin"}
1587402595230	addons.xpi	DEBUG	Loading bootstrap scope from resource://search-extensions/wikipedia/
1587402595230	addons.xpi	DEBUG	Calling bootstrap method install on wikipedia@search.mozilla.org version 1.0
1587402595230	addons.xpi	DEBUG	Calling bootstrap method startup on wikipedia@search.mozilla.org version 1.0
1587402596616	addons.xpi	DEBUG	Calling bootstrap method shutdown on wikipedia@search.mozilla.org version 1.0
1587402596620	addons.xpi	DEBUG	Calling bootstrap method shutdown on webcompat@mozilla.org version 9.0.0
1587402596623	addons.xpi	DEBUG	Calling bootstrap method shutdown on twitter@search.mozilla.org version 1.0
1587402596624	addons.xpi	DEBUG	Calling bootstrap method shutdown on screenshots@mozilla.org version 39.0.0
1587402596627	addons.xpi	DEBUG	Calling bootstrap method shutdown on google@search.mozilla.org version 1.0
1587402596628	addons.xpi	DEBUG	Calling bootstrap method shutdown on formautofill@mozilla.org version 1.0
1587402596630	addons.xpi	DEBUG	Calling bootstrap method shutdown on ebay@search.mozilla.org version 1.0
1587402596633	addons.xpi	DEBUG	Calling bootstrap method shutdown on doh-rollout@mozilla.org version 1.3.0
1587402596639	addons.xpi	DEBUG	Calling bootstrap method shutdown on default-theme@mozilla.org version 1.0
1587402596641	addons.xpi	DEBUG	Calling bootstrap method shutdown on ddg@search.mozilla.org version 1.0
1587402596642	addons.xpi	DEBUG	Calling bootstrap method shutdown on bing@search.mozilla.org version 1.1
1587402596642	addons.xpi	DEBUG	Calling bootstrap method shutdown on amazondotcom@search.mozilla.org version 1.1
JavaScript error: resource://services-settings/RemoteSettingsClient.jsm, line 110: Error: Unknown callback
1587402597409	addons.manager	DEBUG	before shutdown
1587402597411	addons.manager	DEBUG	shutdown
1587402597413	addons.manager	DEBUG	Calling shutdown blocker for XPIProvider
1587402597413	addons.xpi	DEBUG	shutdown
1587402597413	addons.xpi-utils	DEBUG	shutdown
1587402597413	addons.manager	DEBUG	Calling shutdown blocker for GMPProvider
1587402597413	addons.manager	DEBUG	Calling shutdown blocker for PluginProvider
1587402597430	addons.manager	DEBUG	Async provider shutdown done

###!!! [Child][RunMessage] Error: Channel closing: too late to send/recv, messages will be lost


###!!! [Child][MessageChannel::SendAndWait] Error: Channel error: cannot send/recv


Build info: version: '2.46.0', revision: '61506a4624b13675f24581e453592342b7485d71', time: '2015-06-04 10:22:50'
System info: host: 'DESKTOP-RCB252I', ip: '192.168.43.9', os.name: 'Windows 10', os.arch: 'amd64', os.version: '10.0', java.version: '1.8.0_181'
Driver info: driver.version: FirefoxDriver
	at org.openqa.selenium.firefox.internal.NewProfileExtensionConnection.start(NewProfileExtensionConnection.java:132)
	at org.openqa.selenium.firefox.FirefoxDriver.startClient(FirefoxDriver.java:275)
	at org.openqa.selenium.remote.RemoteWebDriver.<init>(RemoteWebDriver.java:116)
	at org.openqa.selenium.firefox.FirefoxDriver.<init>(FirefoxDriver.java:220)
	at org.openqa.selenium.firefox.FirefoxDriver.<init>(FirefoxDriver.java:215)
	at org.openqa.selenium.firefox.FirefoxDriver.<init>(FirefoxDriver.java:211)
	at org.openqa.selenium.firefox.FirefoxDriver.<init>(FirefoxDriver.java:124)
	at sun.reflect.NativeConstructorAccessorImpl.newInstance0(Native Method)
	at sun.reflect.NativeConstructorAccessorImpl.newInstance(NativeConstructorAccessorImpl.java:62)
	at sun.reflect.DelegatingConstructorAccessorImpl.newInstance(DelegatingConstructorAccessorImpl.java:45)
	at java.lang.reflect.Constructor.newInstance(Constructor.java:423)
	at org.springframework.beans.BeanUtils.instantiateClass(BeanUtils.java:147)
	... 40 common frames omitted
Caused by: org.openqa.selenium.firefox.NotConnectedException: Unable to connect to host 127.0.0.1 on port 7055 after 45000 ms. Firefox console output:
a, ensiklopedia bebas","creator":null,"developers":null,"translators":null,"contributors":null,"locales":["ms"]},{"name":"ﾐ柘孟ｺﾑ孟ｿﾑ災ｴﾑ錦? (be-tarask)","description":"ﾐ柘孟ｺﾑ孟ｿﾑ災ｴﾑ錦?, ﾐｲﾐｾﾐｻﾑ糊ｽﾐｰﾑ? ﾑ災ｽﾑ?ﾑ巾ｺﾐｻﾑ紹ｿﾑ災ｴﾑ錦?","creator":null,"developers":null,"translators":null,"contributors":null,"locales":["be-tarask"]},{"name":"Wikipedia (sv)","description":"Wikipedia, den fria encyklopedin","creator":null,"developers":null,"translators":null,"contributors":null,"locales":["sv-SE"]},{"name":"犲ｧ犲ｴ犲≒ｺｴ犲樅ｺｵ狃?犲扉ｺ? (lo)","description":"犲ｧ犲ｴ犲≒ｺｴ犲樅ｺｵ狃?犲扉ｺ?, 犲ｪ犲ｲ犲･犲ｲ犲吭ｺｸ犲≒ｺｻ犲｡狃?犲ｪ犲･犲ｵ","creator":null,"developers":null,"translators":null,"contributors":null,"locales":["lo"]},{"name":"Wikipedija (sl)","description":"Wikipedija, prosta enciklopedija","creator":null,"developers":null,"translators":null,"contributors":null,"locales":["sl"]},{"name":"Biquipedia (an)","description":"A enciclopedia Libre","creator":null,"developers":null,"translators":null,"contributors":null,"locales":["an"]},{"name":"Vikipﾄ電ija","description":"Vikipﾄ電ija, brﾄｫvﾄ? enciklopﾄ電ija","creator":null,"developers":null,"translators":null,"contributors":null,"locales":["lv"]}],"targetApplications":[{"id":"toolkit@mozilla.org","minVersion":null,"maxVersion":null}],"targetPlatforms":[],"seen":true,"dependencies":[],"incognito":"spanning","userPermissions":{"permissions":[],"origins":[]},"optionalPermissions":{"permissions":[],"origins":[]},"icons":{"16":"favicon.ico"},"iconURL":null,"blocklistState":0,"blocklistURL":null,"startupData":null,"hidden":true,"installTelemetryInfo":null,"recommendationState":null,"rootURI":"resource://search-extensions/wikipedia/","location":"app-builtin"}
1587402595230	addons.xpi	DEBUG	Loading bootstrap scope from resource://search-extensions/wikipedia/
1587402595230	addons.xpi	DEBUG	Calling bootstrap method install on wikipedia@search.mozilla.org version 1.0
1587402595230	addons.xpi	DEBUG	Calling bootstrap method startup on wikipedia@search.mozilla.org version 1.0
1587402596616	addons.xpi	DEBUG	Calling bootstrap method shutdown on wikipedia@search.mozilla.org version 1.0
1587402596620	addons.xpi	DEBUG	Calling bootstrap method shutdown on webcompat@mozilla.org version 9.0.0
1587402596623	addons.xpi	DEBUG	Calling bootstrap method shutdown on twitter@search.mozilla.org version 1.0
1587402596624	addons.xpi	DEBUG	Calling bootstrap method shutdown on screenshots@mozilla.org version 39.0.0
1587402596627	addons.xpi	DEBUG	Calling bootstrap method shutdown on google@search.mozilla.org version 1.0
1587402596628	addons.xpi	DEBUG	Calling bootstrap method shutdown on formautofill@mozilla.org version 1.0
1587402596630	addons.xpi	DEBUG	Calling bootstrap method shutdown on ebay@search.mozilla.org version 1.0
1587402596633	addons.xpi	DEBUG	Calling bootstrap method shutdown on doh-rollout@mozilla.org version 1.3.0
1587402596639	addons.xpi	DEBUG	Calling bootstrap method shutdown on default-theme@mozilla.org version 1.0
1587402596641	addons.xpi	DEBUG	Calling bootstrap method shutdown on ddg@search.mozilla.org version 1.0
1587402596642	addons.xpi	DEBUG	Calling bootstrap method shutdown on bing@search.mozilla.org version 1.1
1587402596642	addons.xpi	DEBUG	Calling bootstrap method shutdown on amazondotcom@search.mozilla.org version 1.1
JavaScript error: resource://services-settings/RemoteSettingsClient.jsm, line 110: Error: Unknown callback
1587402597409	addons.manager	DEBUG	before shutdown
1587402597411	addons.manager	DEBUG	shutdown
1587402597413	addons.manager	DEBUG	Calling shutdown blocker for XPIProvider
1587402597413	addons.xpi	DEBUG	shutdown
1587402597413	addons.xpi-utils	DEBUG	shutdown
1587402597413	addons.manager	DEBUG	Calling shutdown blocker for GMPProvider
1587402597413	addons.manager	DEBUG	Calling shutdown blocker for PluginProvider
1587402597430	addons.manager	DEBUG	Async provider shutdown done

###!!! [Child][RunMessage] Error: Channel closing: too late to send/recv, messages will be lost


###!!! [Child][MessageChannel::SendAndWait] Error: Channel error: cannot send/recv


	at org.openqa.selenium.firefox.internal.NewProfileExtensionConnection.start(NewProfileExtensionConnection.java:120)
	... 51 common frames omitted
]]></system-out>
    <system-err><![CDATA[org.openqa.selenium.firefox.NotConnectedException: Unable to connect to host 127.0.0.1 on port 7055 after 45000 ms. Firefox console output:
a, ensiklopedia bebas","creator":null,"developers":null,"translators":null,"contributors":null,"locales":["ms"]},{"name":"ﾐ柘孟ｺﾑ孟ｿﾑ災ｴﾑ錦? (be-tarask)","description":"ﾐ柘孟ｺﾑ孟ｿﾑ災ｴﾑ錦?, ﾐｲﾐｾﾐｻﾑ糊ｽﾐｰﾑ? ﾑ災ｽﾑ?ﾑ巾ｺﾐｻﾑ紹ｿﾑ災ｴﾑ錦?","creator":null,"developers":null,"translators":null,"contributors":null,"locales":["be-tarask"]},{"name":"Wikipedia (sv)","description":"Wikipedia, den fria encyklopedin","creator":null,"developers":null,"translators":null,"contributors":null,"locales":["sv-SE"]},{"name":"犲ｧ犲ｴ犲≒ｺｴ犲樅ｺｵ狃?犲扉ｺ? (lo)","description":"犲ｧ犲ｴ犲≒ｺｴ犲樅ｺｵ狃?犲扉ｺ?, 犲ｪ犲ｲ犲･犲ｲ犲吭ｺｸ犲≒ｺｻ犲｡狃?犲ｪ犲･犲ｵ","creator":null,"developers":null,"translators":null,"contributors":null,"locales":["lo"]},{"name":"Wikipedija (sl)","description":"Wikipedija, prosta enciklopedija","creator":null,"developers":null,"translators":null,"contributors":null,"locales":["sl"]},{"name":"Biquipedia (an)","description":"A enciclopedia Libre","creator":null,"developers":null,"translators":null,"contributors":null,"locales":["an"]},{"name":"Vikipﾄ電ija","description":"Vikipﾄ電ija, brﾄｫvﾄ? enciklopﾄ電ija","creator":null,"developers":null,"translators":null,"contributors":null,"locales":["lv"]}],"targetApplications":[{"id":"toolkit@mozilla.org","minVersion":null,"maxVersion":null}],"targetPlatforms":[],"seen":true,"dependencies":[],"incognito":"spanning","userPermissions":{"permissions":[],"origins":[]},"optionalPermissions":{"permissions":[],"origins":[]},"icons":{"16":"favicon.ico"},"iconURL":null,"blocklistState":0,"blocklistURL":null,"startupData":null,"hidden":true,"installTelemetryInfo":null,"recommendationState":null,"rootURI":"resource://search-extensions/wikipedia/","location":"app-builtin"}
1587402595230	addons.xpi	DEBUG	Loading bootstrap scope from resource://search-extensions/wikipedia/
1587402595230	addons.xpi	DEBUG	Calling bootstrap method install on wikipedia@search.mozilla.org version 1.0
1587402595230	addons.xpi	DEBUG	Calling bootstrap method startup on wikipedia@search.mozilla.org version 1.0
1587402596616	addons.xpi	DEBUG	Calling bootstrap method shutdown on wikipedia@search.mozilla.org version 1.0
1587402596620	addons.xpi	DEBUG	Calling bootstrap method shutdown on webcompat@mozilla.org version 9.0.0
1587402596623	addons.xpi	DEBUG	Calling bootstrap method shutdown on twitter@search.mozilla.org version 1.0
1587402596624	addons.xpi	DEBUG	Calling bootstrap method shutdown on screenshots@mozilla.org version 39.0.0
1587402596627	addons.xpi	DEBUG	Calling bootstrap method shutdown on google@search.mozilla.org version 1.0
1587402596628	addons.xpi	DEBUG	Calling bootstrap method shutdown on formautofill@mozilla.org version 1.0
1587402596630	addons.xpi	DEBUG	Calling bootstrap method shutdown on ebay@search.mozilla.org version 1.0
1587402596633	addons.xpi	DEBUG	Calling bootstrap method shutdown on doh-rollout@mozilla.org version 1.3.0
1587402596639	addons.xpi	DEBUG	Calling bootstrap method shutdown on default-theme@mozilla.org version 1.0
1587402596641	addons.xpi	DEBUG	Calling bootstrap method shutdown on ddg@search.mozilla.org version 1.0
1587402596642	addons.xpi	DEBUG	Calling bootstrap method shutdown on bing@search.mozilla.org version 1.1
1587402596642	addons.xpi	DEBUG	Calling bootstrap method shutdown on amazondotcom@search.mozilla.org version 1.1
JavaScript error: resource://services-settings/RemoteSettingsClient.jsm, line 110: Error: Unknown callback
1587402597409	addons.manager	DEBUG	before shutdown
1587402597411	addons.manager	DEBUG	shutdown
1587402597413	addons.manager	DEBUG	Calling shutdown blocker for XPIProvider
1587402597413	addons.xpi	DEBUG	shutdown
1587402597413	addons.xpi-utils	DEBUG	shutdown
1587402597413	addons.manager	DEBUG	Calling shutdown blocker for GMPProvider
1587402597413	addons.manager	DEBUG	Calling shutdown blocker for PluginProvider
1587402597430	addons.manager	DEBUG	Async provider shutdown done

###!!! [Child][RunMessage] Error: Channel closing: too late to send/recv, messages will be lost


###!!! [Child][MessageChannel::SendAndWait] Error: Channel error: cannot send/recv


	at org.openqa.selenium.firefox.internal.NewProfileExtensionConnection.start(NewProfileExtensionConnection.java:120)
	at org.openqa.selenium.firefox.FirefoxDriver.startClient(FirefoxDriver.java:275)
	at org.openqa.selenium.remote.RemoteWebDriver.<init>(RemoteWebDriver.java:116)
	at org.openqa.selenium.firefox.FirefoxDriver.<init>(FirefoxDriver.java:220)
	at org.openqa.selenium.firefox.FirefoxDriver.<init>(FirefoxDriver.java:215)
	at org.openqa.selenium.firefox.FirefoxDriver.<init>(FirefoxDriver.java:211)
	at org.openqa.selenium.firefox.FirefoxDriver.<init>(FirefoxDriver.java:124)
	at sun.reflect.NativeConstructorAccessorImpl.newInstance0(Native Method)
	at sun.reflect.NativeConstructorAccessorImpl.newInstance(NativeConstructorAccessorImpl.java:62)
	at sun.reflect.DelegatingConstructorAccessorImpl.newInstance(DelegatingConstructorAccessorImpl.java:45)
	at java.lang.reflect.Constructor.newInstance(Constructor.java:423)
	at org.springframework.beans.BeanUtils.instantiateClass(BeanUtils.java:147)
	at org.springframework.beans.factory.support.SimpleInstantiationStrategy.instantiate(SimpleInstantiationStrategy.java:89)
	at org.springframework.beans.factory.support.AbstractAutowireCapableBeanFactory.instantiateBean(AbstractAutowireCapableBeanFactory.java:1098)
	at org.springframework.beans.factory.support.AbstractAutowireCapableBeanFactory.createBeanInstance(AbstractAutowireCapableBeanFactory.java:1050)
	at org.springframework.beans.factory.support.AbstractAutowireCapableBeanFactory.doCreateBean(AbstractAutowireCapableBeanFactory.java:510)
	at org.springframework.beans.factory.support.AbstractAutowireCapableBeanFactory.createBean(AbstractAutowireCapableBeanFactory.java:482)
	at org.springframework.beans.factory.support.AbstractBeanFactory.doGetBean(AbstractBeanFactory.java:325)
	at org.springframework.beans.factory.support.AbstractBeanFactory.getBean(AbstractBeanFactory.java:197)
	at org.springframework.beans.factory.support.DefaultListableBeanFactory.findAutowireCandidates(DefaultListableBeanFactory.java:1192)
	at org.springframework.beans.factory.support.DefaultListableBeanFactory.doResolveDependency(DefaultListableBeanFactory.java:1116)
	at org.springframework.beans.factory.support.DefaultListableBeanFactory.resolveDependency(DefaultListableBeanFactory.java:1014)
	at org.springframework.beans.factory.annotation.AutowiredAnnotationBeanPostProcessor$AutowiredFieldElement.inject(AutowiredAnnotationBeanPostProcessor.java:545)
	at org.springframework.beans.factory.annotation.InjectionMetadata.inject(InjectionMetadata.java:88)
	at org.springframework.beans.factory.annotation.AutowiredAnnotationBeanPostProcessor.postProcessPropertyValues(AutowiredAnnotationBeanPostProcessor.java:331)
	at org.springframework.beans.factory.support.AbstractAutowireCapableBeanFactory.populateBean(AbstractAutowireCapableBeanFactory.java:1214)
	at org.springframework.beans.factory.support.AbstractAutowireCapableBeanFactory.autowireBeanProperties(AbstractAutowireCapableBeanFactory.java:385)
	at org.springframework.test.context.support.DependencyInjectionTestExecutionListener.injectDependencies(DependencyInjectionTestExecutionListener.java:118)
	at org.springframework.test.context.support.DependencyInjectionTestExecutionListener.prepareTestInstance(DependencyInjectionTestExecutionListener.java:83)
	at org.springframework.test.context.TestContextManager.prepareTestInstance(TestContextManager.java:228)
	at org.springframework.test.context.junit4.SpringJUnit4ClassRunner.createTest(SpringJUnit4ClassRunner.java:230)
	at org.springframework.test.context.junit4.SpringJUnit4ClassRunner$1.runReflectiveCall(SpringJUnit4ClassRunner.java:289)
	at org.junit.internal.runners.model.ReflectiveCallable.run(ReflectiveCallable.java:12)
	at org.springframework.test.context.junit4.SpringJUnit4ClassRunner.methodBlock(SpringJUnit4ClassRunner.java:291)
	at org.springframework.test.context.junit4.SpringJUnit4ClassRunner.runChild(SpringJUnit4ClassRunner.java:249)
	at org.springframework.test.context.junit4.SpringJUnit4ClassRunner.runChild(SpringJUnit4ClassRunner.java:89)
	at org.junit.runners.ParentRunner$3.run(ParentRunner.java:290)
	at org.junit.runners.ParentRunner$1.schedule(ParentRunner.java:71)
	at org.junit.runners.ParentRunner.runChildren(ParentRunner.java:288)
	at org.junit.runners.ParentRunner.access$000(ParentRunner.java:58)
	at org.junit.runners.ParentRunner$2.evaluate(ParentRunner.java:268)
	at org.springframework.test.context.junit4.statements.RunBeforeTestClassCallbacks.evaluate(RunBeforeTestClassCallbacks.java:61)
	at org.springframework.test.context.junit4.statements.RunAfterTestClassCallbacks.evaluate(RunAfterTestClassCallbacks.java:70)
	at org.junit.runners.ParentRunner.run(ParentRunner.java:363)
	at org.springframework.test.context.junit4.SpringJUnit4ClassRunner.run(SpringJUnit4ClassRunner.java:193)
	at org.apache.maven.surefire.junit4.JUnit4Provider.execute(JUnit4Provider.java:344)
	at org.apache.maven.surefire.junit4.JUnit4Provider.executeWithRerun(JUnit4Provider.java:269)
	at org.apache.maven.surefire.junit4.JUnit4Provider.executeTestSet(JUnit4Provider.java:240)
	at org.apache.maven.surefire.junit4.JUnit4Provider.invoke(JUnit4Provider.java:184)
	at org.apache.maven.surefire.booter.ForkedBooter.invokeProviderInSameClassLoader(ForkedBooter.java:286)
	at org.apache.maven.surefire.booter.ForkedBooter.runSuitesInProcess(ForkedBooter.java:240)
	at org.apache.maven.surefire.booter.ForkedBooter.main(ForkedBooter.java:121)
Apr 20, 2020 11:40:34 PM org.openqa.selenium.os.UnixProcess$SeleniumWatchDog destroyHarder
INFO: Command failed to close cleanly. Destroying forcefully (v2). org.openqa.selenium.os.UnixProcess$SeleniumWatchDog@c5ee75e
]]></system-err>
  </testcase>
</testsuite>